2019-08-24 00:06:52.554 [http-nio-8080-exec-2] ERROR Service() - system error 
java.lang.IllegalStateException: failed to create a child event loop
	at io.netty.util.concurrent.MultithreadEventExecutorGroup.<init>(MultithreadEventExecutorGroup.java:88) ~[netty-all-4.1.15.Final.jar:4.1.15.Final]
	at io.netty.util.concurrent.MultithreadEventExecutorGroup.<init>(MultithreadEventExecutorGroup.java:58) ~[netty-all-4.1.15.Final.jar:4.1.15.Final]
	at io.netty.channel.MultithreadEventLoopGroup.<init>(MultithreadEventLoopGroup.java:52) ~[netty-all-4.1.15.Final.jar:4.1.15.Final]
	at io.netty.channel.nio.NioEventLoopGroup.<init>(NioEventLoopGroup.java:87) ~[netty-all-4.1.15.Final.jar:4.1.15.Final]
	at io.netty.channel.nio.NioEventLoopGroup.<init>(NioEventLoopGroup.java:82) ~[netty-all-4.1.15.Final.jar:4.1.15.Final]
	at io.netty.channel.nio.NioEventLoopGroup.<init>(NioEventLoopGroup.java:63) ~[netty-all-4.1.15.Final.jar:4.1.15.Final]
	at io.netty.channel.nio.NioEventLoopGroup.<init>(NioEventLoopGroup.java:51) ~[netty-all-4.1.15.Final.jar:4.1.15.Final]
	at io.netty.channel.nio.NioEventLoopGroup.<init>(NioEventLoopGroup.java:43) ~[netty-all-4.1.15.Final.jar:4.1.15.Final]
	at org.fisco.bcos.channel.handler.ChannelConnections.startConnect(ChannelConnections.java:330) ~[web3sdk-2.0.4.jar:?]
	at org.fisco.bcos.channel.client.Service.run(Service.java:204) [web3sdk-2.0.4.jar:?]
	at org.bithacks.defidefender.service.impl.CommonServiceImpl.initializeNetwork(CommonServiceImpl.java:142) [classes/:?]
	at org.bithacks.defidefender.service.impl.CommonServiceImpl.getCertification(CommonServiceImpl.java:179) [classes/:?]
	at org.bithacks.defidefender.service.impl.CompanyServiceImpl.listBlacklist(CompanyServiceImpl.java:104) [classes/:?]
	at org.bithacks.defidefender.controller.CompanyController.listBlacklist(CompanyController.java:40) [classes/:?]
	at sun.reflect.GeneratedMethodAccessor159.invoke(Unknown Source) ~[?:?]
	at sun.reflect.DelegatingMethodAccessorImpl.invoke(DelegatingMethodAccessorImpl.java:43) ~[?:1.8.0_151]
	at java.lang.reflect.Method.invoke(Method.java:498) ~[?:1.8.0_151]
	at org.springframework.web.method.support.InvocableHandlerMethod.doInvoke(InvocableHandlerMethod.java:205) [spring-web-4.3.24.RELEASE.jar:4.3.24.RELEASE]
	at org.springframework.web.method.support.InvocableHandlerMethod.invokeForRequest(InvocableHandlerMethod.java:133) [spring-web-4.3.24.RELEASE.jar:4.3.24.RELEASE]
	at org.springframework.web.servlet.mvc.method.annotation.ServletInvocableHandlerMethod.invokeAndHandle(ServletInvocableHandlerMethod.java:97) [spring-webmvc-4.3.24.RELEASE.jar:4.3.24.RELEASE]
	at org.springframework.web.servlet.mvc.method.annotation.RequestMappingHandlerAdapter.invokeHandlerMethod(RequestMappingHandlerAdapter.java:854) [spring-webmvc-4.3.24.RELEASE.jar:4.3.24.RELEASE]
	at org.springframework.web.servlet.mvc.method.annotation.RequestMappingHandlerAdapter.handleInternal(RequestMappingHandlerAdapter.java:765) [spring-webmvc-4.3.24.RELEASE.jar:4.3.24.RELEASE]
	at org.springframework.web.servlet.mvc.method.AbstractHandlerMethodAdapter.handle(AbstractHandlerMethodAdapter.java:85) [spring-webmvc-4.3.24.RELEASE.jar:4.3.24.RELEASE]
	at org.springframework.web.servlet.DispatcherServlet.doDispatch(DispatcherServlet.java:967) [spring-webmvc-4.3.24.RELEASE.jar:4.3.24.RELEASE]
	at org.springframework.web.servlet.DispatcherServlet.doService(DispatcherServlet.java:901) [spring-webmvc-4.3.24.RELEASE.jar:4.3.24.RELEASE]
	at org.springframework.web.servlet.FrameworkServlet.processRequest(FrameworkServlet.java:970) [spring-webmvc-4.3.24.RELEASE.jar:4.3.24.RELEASE]
	at org.springframework.web.servlet.FrameworkServlet.doGet(FrameworkServlet.java:861) [spring-webmvc-4.3.24.RELEASE.jar:4.3.24.RELEASE]
	at javax.servlet.http.HttpServlet.service(HttpServlet.java:635) [tomcat-embed-core-8.5.40.jar:8.5.40]
	at org.springframework.web.servlet.FrameworkServlet.service(FrameworkServlet.java:846) [spring-webmvc-4.3.24.RELEASE.jar:4.3.24.RELEASE]
	at javax.servlet.http.HttpServlet.service(HttpServlet.java:742) [tomcat-embed-core-8.5.40.jar:8.5.40]
	at org.apache.catalina.core.ApplicationFilterChain.internalDoFilter(ApplicationFilterChain.java:231) [tomcat-embed-core-8.5.40.jar:8.5.40]
	at org.apache.catalina.core.ApplicationFilterChain.doFilter(ApplicationFilterChain.java:166) [tomcat-embed-core-8.5.40.jar:8.5.40]
	at org.apache.tomcat.websocket.server.WsFilter.doFilter(WsFilter.java:52) [tomcat-embed-websocket-8.5.40.jar:8.5.40]
	at org.apache.catalina.core.ApplicationFilterChain.internalDoFilter(ApplicationFilterChain.java:193) [tomcat-embed-core-8.5.40.jar:8.5.40]
	at org.apache.catalina.core.ApplicationFilterChain.doFilter(ApplicationFilterChain.java:166) [tomcat-embed-core-8.5.40.jar:8.5.40]
	at org.springframework.web.filter.RequestContextFilter.doFilterInternal(RequestContextFilter.java:99) [spring-web-4.3.24.RELEASE.jar:4.3.24.RELEASE]
	at org.springframework.web.filter.OncePerRequestFilter.doFilter(OncePerRequestFilter.java:107) [spring-web-4.3.24.RELEASE.jar:4.3.24.RELEASE]
	at org.apache.catalina.core.ApplicationFilterChain.internalDoFilter(ApplicationFilterChain.java:193) [tomcat-embed-core-8.5.40.jar:8.5.40]
	at org.apache.catalina.core.ApplicationFilterChain.doFilter(ApplicationFilterChain.java:166) [tomcat-embed-core-8.5.40.jar:8.5.40]
	at org.springframework.web.filter.HttpPutFormContentFilter.doFilterInternal(HttpPutFormContentFilter.java:109) [spring-web-4.3.24.RELEASE.jar:4.3.24.RELEASE]
	at org.springframework.web.filter.OncePerRequestFilter.doFilter(OncePerRequestFilter.java:107) [spring-web-4.3.24.RELEASE.jar:4.3.24.RELEASE]
	at org.apache.catalina.core.ApplicationFilterChain.internalDoFilter(ApplicationFilterChain.java:193) [tomcat-embed-core-8.5.40.jar:8.5.40]
	at org.apache.catalina.core.ApplicationFilterChain.doFilter(ApplicationFilterChain.java:166) [tomcat-embed-core-8.5.40.jar:8.5.40]
	at org.springframework.web.filter.HiddenHttpMethodFilter.doFilterInternal(HiddenHttpMethodFilter.java:93) [spring-web-4.3.24.RELEASE.jar:4.3.24.RELEASE]
	at org.springframework.web.filter.OncePerRequestFilter.doFilter(OncePerRequestFilter.java:107) [spring-web-4.3.24.RELEASE.jar:4.3.24.RELEASE]
	at org.apache.catalina.core.ApplicationFilterChain.internalDoFilter(ApplicationFilterChain.java:193) [tomcat-embed-core-8.5.40.jar:8.5.40]
	at org.apache.catalina.core.ApplicationFilterChain.doFilter(ApplicationFilterChain.java:166) [tomcat-embed-core-8.5.40.jar:8.5.40]
	at org.springframework.web.filter.CharacterEncodingFilter.doFilterInternal(CharacterEncodingFilter.java:197) [spring-web-4.3.24.RELEASE.jar:4.3.24.RELEASE]
	at org.springframework.web.filter.OncePerRequestFilter.doFilter(OncePerRequestFilter.java:107) [spring-web-4.3.24.RELEASE.jar:4.3.24.RELEASE]
	at org.apache.catalina.core.ApplicationFilterChain.internalDoFilter(ApplicationFilterChain.java:193) [tomcat-embed-core-8.5.40.jar:8.5.40]
	at org.apache.catalina.core.ApplicationFilterChain.doFilter(ApplicationFilterChain.java:166) [tomcat-embed-core-8.5.40.jar:8.5.40]
	at org.apache.catalina.core.StandardWrapperValve.invoke(StandardWrapperValve.java:199) [tomcat-embed-core-8.5.40.jar:8.5.40]
	at org.apache.catalina.core.StandardContextValve.invoke(StandardContextValve.java:96) [tomcat-embed-core-8.5.40.jar:8.5.40]
	at org.apache.catalina.authenticator.AuthenticatorBase.invoke(AuthenticatorBase.java:493) [tomcat-embed-core-8.5.40.jar:8.5.40]
	at org.apache.catalina.core.StandardHostValve.invoke(StandardHostValve.java:137) [tomcat-embed-core-8.5.40.jar:8.5.40]
	at org.apache.catalina.valves.ErrorReportValve.invoke(ErrorReportValve.java:81) [tomcat-embed-core-8.5.40.jar:8.5.40]
	at org.apache.catalina.core.StandardEngineValve.invoke(StandardEngineValve.java:87) [tomcat-embed-core-8.5.40.jar:8.5.40]
	at org.apache.catalina.connector.CoyoteAdapter.service(CoyoteAdapter.java:343) [tomcat-embed-core-8.5.40.jar:8.5.40]
	at org.apache.coyote.http11.Http11Processor.service(Http11Processor.java:798) [tomcat-embed-core-8.5.40.jar:8.5.40]
	at org.apache.coyote.AbstractProcessorLight.process(AbstractProcessorLight.java:66) [tomcat-embed-core-8.5.40.jar:8.5.40]
	at org.apache.coyote.AbstractProtocol$ConnectionHandler.process(AbstractProtocol.java:808) [tomcat-embed-core-8.5.40.jar:8.5.40]
	at org.apache.tomcat.util.net.NioEndpoint$SocketProcessor.doRun(NioEndpoint.java:1498) [tomcat-embed-core-8.5.40.jar:8.5.40]
	at org.apache.tomcat.util.net.SocketProcessorBase.run(SocketProcessorBase.java:49) [tomcat-embed-core-8.5.40.jar:8.5.40]
	at java.util.concurrent.ThreadPoolExecutor.runWorker(ThreadPoolExecutor.java:1149) [?:1.8.0_151]
	at java.util.concurrent.ThreadPoolExecutor$Worker.run(ThreadPoolExecutor.java:624) [?:1.8.0_151]
	at org.apache.tomcat.util.threads.TaskThread$WrappingRunnable.run(TaskThread.java:61) [tomcat-embed-core-8.5.40.jar:8.5.40]
	at java.lang.Thread.run(Thread.java:748) [?:1.8.0_151]
Caused by: io.netty.channel.ChannelException: failed to open a new selector
	at io.netty.channel.nio.NioEventLoop.openSelector(NioEventLoop.java:175) ~[netty-all-4.1.15.Final.jar:4.1.15.Final]
	at io.netty.channel.nio.NioEventLoop.<init>(NioEventLoop.java:149) ~[netty-all-4.1.15.Final.jar:4.1.15.Final]
	at io.netty.channel.nio.NioEventLoopGroup.newChild(NioEventLoopGroup.java:127) ~[netty-all-4.1.15.Final.jar:4.1.15.Final]
	at io.netty.channel.nio.NioEventLoopGroup.newChild(NioEventLoopGroup.java:36) ~[netty-all-4.1.15.Final.jar:4.1.15.Final]
	at io.netty.util.concurrent.MultithreadEventExecutorGroup.<init>(MultithreadEventExecutorGroup.java:84) ~[netty-all-4.1.15.Final.jar:4.1.15.Final]
	... 66 more
Caused by: java.io.IOException: Unable to establish loopback connection
	at sun.nio.ch.PipeImpl$Initializer.run(PipeImpl.java:94) ~[?:1.8.0_151]
	at sun.nio.ch.PipeImpl$Initializer.run(PipeImpl.java:61) ~[?:1.8.0_151]
	at java.security.AccessController.doPrivileged(Native Method) ~[?:1.8.0_151]
	at sun.nio.ch.PipeImpl.<init>(PipeImpl.java:171) ~[?:1.8.0_151]
	at sun.nio.ch.SelectorProviderImpl.openPipe(SelectorProviderImpl.java:50) ~[?:1.8.0_151]
	at java.nio.channels.Pipe.open(Pipe.java:155) ~[?:1.8.0_151]
	at sun.nio.ch.WindowsSelectorImpl.<init>(WindowsSelectorImpl.java:127) ~[?:1.8.0_151]
	at sun.nio.ch.WindowsSelectorProvider.openSelector(WindowsSelectorProvider.java:44) ~[?:1.8.0_151]
	at io.netty.channel.nio.NioEventLoop.openSelector(NioEventLoop.java:173) ~[netty-all-4.1.15.Final.jar:4.1.15.Final]
	at io.netty.channel.nio.NioEventLoop.<init>(NioEventLoop.java:149) ~[netty-all-4.1.15.Final.jar:4.1.15.Final]
	at io.netty.channel.nio.NioEventLoopGroup.newChild(NioEventLoopGroup.java:127) ~[netty-all-4.1.15.Final.jar:4.1.15.Final]
	at io.netty.channel.nio.NioEventLoopGroup.newChild(NioEventLoopGroup.java:36) ~[netty-all-4.1.15.Final.jar:4.1.15.Final]
	at io.netty.util.concurrent.MultithreadEventExecutorGroup.<init>(MultithreadEventExecutorGroup.java:84) ~[netty-all-4.1.15.Final.jar:4.1.15.Final]
	... 66 more
Caused by: java.net.SocketException: No buffer space available (maximum connections reached?): connect
	at sun.nio.ch.Net.connect0(Native Method) ~[?:1.8.0_151]
	at sun.nio.ch.Net.connect(Net.java:454) ~[?:1.8.0_151]
	at sun.nio.ch.Net.connect(Net.java:446) ~[?:1.8.0_151]
	at sun.nio.ch.SocketChannelImpl.connect(SocketChannelImpl.java:648) ~[?:1.8.0_151]
	at java.nio.channels.SocketChannel.open(SocketChannel.java:189) ~[?:1.8.0_151]
	at sun.nio.ch.PipeImpl$Initializer$LoopbackConnector.run(PipeImpl.java:127) ~[?:1.8.0_151]
	at sun.nio.ch.PipeImpl$Initializer.run(PipeImpl.java:76) ~[?:1.8.0_151]
	at sun.nio.ch.PipeImpl$Initializer.run(PipeImpl.java:61) ~[?:1.8.0_151]
	at java.security.AccessController.doPrivileged(Native Method) ~[?:1.8.0_151]
	at sun.nio.ch.PipeImpl.<init>(PipeImpl.java:171) ~[?:1.8.0_151]
	at sun.nio.ch.SelectorProviderImpl.openPipe(SelectorProviderImpl.java:50) ~[?:1.8.0_151]
	at java.nio.channels.Pipe.open(Pipe.java:155) ~[?:1.8.0_151]
	at sun.nio.ch.WindowsSelectorImpl.<init>(WindowsSelectorImpl.java:127) ~[?:1.8.0_151]
	at sun.nio.ch.WindowsSelectorProvider.openSelector(WindowsSelectorProvider.java:44) ~[?:1.8.0_151]
	at io.netty.channel.nio.NioEventLoop.openSelector(NioEventLoop.java:173) ~[netty-all-4.1.15.Final.jar:4.1.15.Final]
	at io.netty.channel.nio.NioEventLoop.<init>(NioEventLoop.java:149) ~[netty-all-4.1.15.Final.jar:4.1.15.Final]
	at io.netty.channel.nio.NioEventLoopGroup.newChild(NioEventLoopGroup.java:127) ~[netty-all-4.1.15.Final.jar:4.1.15.Final]
	at io.netty.channel.nio.NioEventLoopGroup.newChild(NioEventLoopGroup.java:36) ~[netty-all-4.1.15.Final.jar:4.1.15.Final]
	at io.netty.util.concurrent.MultithreadEventExecutorGroup.<init>(MultithreadEventExecutorGroup.java:84) ~[netty-all-4.1.15.Final.jar:4.1.15.Final]
	... 66 more
2019-08-24 00:21:15.534 [http-nio-8080-exec-9] ERROR Service() - system error 
java.lang.IllegalStateException: failed to create a child event loop
	at io.netty.util.concurrent.MultithreadEventExecutorGroup.<init>(MultithreadEventExecutorGroup.java:88) ~[netty-all-4.1.15.Final.jar:4.1.15.Final]
	at io.netty.util.concurrent.MultithreadEventExecutorGroup.<init>(MultithreadEventExecutorGroup.java:58) ~[netty-all-4.1.15.Final.jar:4.1.15.Final]
	at io.netty.channel.MultithreadEventLoopGroup.<init>(MultithreadEventLoopGroup.java:52) ~[netty-all-4.1.15.Final.jar:4.1.15.Final]
	at io.netty.channel.nio.NioEventLoopGroup.<init>(NioEventLoopGroup.java:87) ~[netty-all-4.1.15.Final.jar:4.1.15.Final]
	at io.netty.channel.nio.NioEventLoopGroup.<init>(NioEventLoopGroup.java:82) ~[netty-all-4.1.15.Final.jar:4.1.15.Final]
	at io.netty.channel.nio.NioEventLoopGroup.<init>(NioEventLoopGroup.java:63) ~[netty-all-4.1.15.Final.jar:4.1.15.Final]
	at io.netty.channel.nio.NioEventLoopGroup.<init>(NioEventLoopGroup.java:51) ~[netty-all-4.1.15.Final.jar:4.1.15.Final]
	at io.netty.channel.nio.NioEventLoopGroup.<init>(NioEventLoopGroup.java:43) ~[netty-all-4.1.15.Final.jar:4.1.15.Final]
	at org.fisco.bcos.channel.handler.ChannelConnections.startConnect(ChannelConnections.java:330) ~[web3sdk-2.0.4.jar:?]
	at org.fisco.bcos.channel.client.Service.run(Service.java:204) [web3sdk-2.0.4.jar:?]
	at org.bithacks.defidefender.service.impl.CommonServiceImpl.initializeNetwork(CommonServiceImpl.java:142) [classes/:?]
	at org.bithacks.defidefender.service.impl.CommonServiceImpl.getCertification(CommonServiceImpl.java:179) [classes/:?]
	at org.bithacks.defidefender.service.impl.CompanyServiceImpl.listBlacklist(CompanyServiceImpl.java:104) [classes/:?]
	at org.bithacks.defidefender.controller.CompanyController.listBlacklist(CompanyController.java:40) [classes/:?]
	at sun.reflect.GeneratedMethodAccessor159.invoke(Unknown Source) ~[?:?]
	at sun.reflect.DelegatingMethodAccessorImpl.invoke(DelegatingMethodAccessorImpl.java:43) ~[?:1.8.0_151]
	at java.lang.reflect.Method.invoke(Method.java:498) ~[?:1.8.0_151]
	at org.springframework.web.method.support.InvocableHandlerMethod.doInvoke(InvocableHandlerMethod.java:205) [spring-web-4.3.24.RELEASE.jar:4.3.24.RELEASE]
	at org.springframework.web.method.support.InvocableHandlerMethod.invokeForRequest(InvocableHandlerMethod.java:133) [spring-web-4.3.24.RELEASE.jar:4.3.24.RELEASE]
	at org.springframework.web.servlet.mvc.method.annotation.ServletInvocableHandlerMethod.invokeAndHandle(ServletInvocableHandlerMethod.java:97) [spring-webmvc-4.3.24.RELEASE.jar:4.3.24.RELEASE]
	at org.springframework.web.servlet.mvc.method.annotation.RequestMappingHandlerAdapter.invokeHandlerMethod(RequestMappingHandlerAdapter.java:854) [spring-webmvc-4.3.24.RELEASE.jar:4.3.24.RELEASE]
	at org.springframework.web.servlet.mvc.method.annotation.RequestMappingHandlerAdapter.handleInternal(RequestMappingHandlerAdapter.java:765) [spring-webmvc-4.3.24.RELEASE.jar:4.3.24.RELEASE]
	at org.springframework.web.servlet.mvc.method.AbstractHandlerMethodAdapter.handle(AbstractHandlerMethodAdapter.java:85) [spring-webmvc-4.3.24.RELEASE.jar:4.3.24.RELEASE]
	at org.springframework.web.servlet.DispatcherServlet.doDispatch(DispatcherServlet.java:967) [spring-webmvc-4.3.24.RELEASE.jar:4.3.24.RELEASE]
	at org.springframework.web.servlet.DispatcherServlet.doService(DispatcherServlet.java:901) [spring-webmvc-4.3.24.RELEASE.jar:4.3.24.RELEASE]
	at org.springframework.web.servlet.FrameworkServlet.processRequest(FrameworkServlet.java:970) [spring-webmvc-4.3.24.RELEASE.jar:4.3.24.RELEASE]
	at org.springframework.web.servlet.FrameworkServlet.doGet(FrameworkServlet.java:861) [spring-webmvc-4.3.24.RELEASE.jar:4.3.24.RELEASE]
	at javax.servlet.http.HttpServlet.service(HttpServlet.java:635) [tomcat-embed-core-8.5.40.jar:8.5.40]
	at org.springframework.web.servlet.FrameworkServlet.service(FrameworkServlet.java:846) [spring-webmvc-4.3.24.RELEASE.jar:4.3.24.RELEASE]
	at javax.servlet.http.HttpServlet.service(HttpServlet.java:742) [tomcat-embed-core-8.5.40.jar:8.5.40]
	at org.apache.catalina.core.ApplicationFilterChain.internalDoFilter(ApplicationFilterChain.java:231) [tomcat-embed-core-8.5.40.jar:8.5.40]
	at org.apache.catalina.core.ApplicationFilterChain.doFilter(ApplicationFilterChain.java:166) [tomcat-embed-core-8.5.40.jar:8.5.40]
	at org.apache.tomcat.websocket.server.WsFilter.doFilter(WsFilter.java:52) [tomcat-embed-websocket-8.5.40.jar:8.5.40]
	at org.apache.catalina.core.ApplicationFilterChain.internalDoFilter(ApplicationFilterChain.java:193) [tomcat-embed-core-8.5.40.jar:8.5.40]
	at org.apache.catalina.core.ApplicationFilterChain.doFilter(ApplicationFilterChain.java:166) [tomcat-embed-core-8.5.40.jar:8.5.40]
	at org.springframework.web.filter.RequestContextFilter.doFilterInternal(RequestContextFilter.java:99) [spring-web-4.3.24.RELEASE.jar:4.3.24.RELEASE]
	at org.springframework.web.filter.OncePerRequestFilter.doFilter(OncePerRequestFilter.java:107) [spring-web-4.3.24.RELEASE.jar:4.3.24.RELEASE]
	at org.apache.catalina.core.ApplicationFilterChain.internalDoFilter(ApplicationFilterChain.java:193) [tomcat-embed-core-8.5.40.jar:8.5.40]
	at org.apache.catalina.core.ApplicationFilterChain.doFilter(ApplicationFilterChain.java:166) [tomcat-embed-core-8.5.40.jar:8.5.40]
	at org.springframework.web.filter.HttpPutFormContentFilter.doFilterInternal(HttpPutFormContentFilter.java:109) [spring-web-4.3.24.RELEASE.jar:4.3.24.RELEASE]
	at org.springframework.web.filter.OncePerRequestFilter.doFilter(OncePerRequestFilter.java:107) [spring-web-4.3.24.RELEASE.jar:4.3.24.RELEASE]
	at org.apache.catalina.core.ApplicationFilterChain.internalDoFilter(ApplicationFilterChain.java:193) [tomcat-embed-core-8.5.40.jar:8.5.40]
	at org.apache.catalina.core.ApplicationFilterChain.doFilter(ApplicationFilterChain.java:166) [tomcat-embed-core-8.5.40.jar:8.5.40]
	at org.springframework.web.filter.HiddenHttpMethodFilter.doFilterInternal(HiddenHttpMethodFilter.java:93) [spring-web-4.3.24.RELEASE.jar:4.3.24.RELEASE]
	at org.springframework.web.filter.OncePerRequestFilter.doFilter(OncePerRequestFilter.java:107) [spring-web-4.3.24.RELEASE.jar:4.3.24.RELEASE]
	at org.apache.catalina.core.ApplicationFilterChain.internalDoFilter(ApplicationFilterChain.java:193) [tomcat-embed-core-8.5.40.jar:8.5.40]
	at org.apache.catalina.core.ApplicationFilterChain.doFilter(ApplicationFilterChain.java:166) [tomcat-embed-core-8.5.40.jar:8.5.40]
	at org.springframework.web.filter.CharacterEncodingFilter.doFilterInternal(CharacterEncodingFilter.java:197) [spring-web-4.3.24.RELEASE.jar:4.3.24.RELEASE]
	at org.springframework.web.filter.OncePerRequestFilter.doFilter(OncePerRequestFilter.java:107) [spring-web-4.3.24.RELEASE.jar:4.3.24.RELEASE]
	at org.apache.catalina.core.ApplicationFilterChain.internalDoFilter(ApplicationFilterChain.java:193) [tomcat-embed-core-8.5.40.jar:8.5.40]
	at org.apache.catalina.core.ApplicationFilterChain.doFilter(ApplicationFilterChain.java:166) [tomcat-embed-core-8.5.40.jar:8.5.40]
	at org.apache.catalina.core.StandardWrapperValve.invoke(StandardWrapperValve.java:199) [tomcat-embed-core-8.5.40.jar:8.5.40]
	at org.apache.catalina.core.StandardContextValve.invoke(StandardContextValve.java:96) [tomcat-embed-core-8.5.40.jar:8.5.40]
	at org.apache.catalina.authenticator.AuthenticatorBase.invoke(AuthenticatorBase.java:493) [tomcat-embed-core-8.5.40.jar:8.5.40]
	at org.apache.catalina.core.StandardHostValve.invoke(StandardHostValve.java:137) [tomcat-embed-core-8.5.40.jar:8.5.40]
	at org.apache.catalina.valves.ErrorReportValve.invoke(ErrorReportValve.java:81) [tomcat-embed-core-8.5.40.jar:8.5.40]
	at org.apache.catalina.core.StandardEngineValve.invoke(StandardEngineValve.java:87) [tomcat-embed-core-8.5.40.jar:8.5.40]
	at org.apache.catalina.connector.CoyoteAdapter.service(CoyoteAdapter.java:343) [tomcat-embed-core-8.5.40.jar:8.5.40]
	at org.apache.coyote.http11.Http11Processor.service(Http11Processor.java:798) [tomcat-embed-core-8.5.40.jar:8.5.40]
	at org.apache.coyote.AbstractProcessorLight.process(AbstractProcessorLight.java:66) [tomcat-embed-core-8.5.40.jar:8.5.40]
	at org.apache.coyote.AbstractProtocol$ConnectionHandler.process(AbstractProtocol.java:808) [tomcat-embed-core-8.5.40.jar:8.5.40]
	at org.apache.tomcat.util.net.NioEndpoint$SocketProcessor.doRun(NioEndpoint.java:1498) [tomcat-embed-core-8.5.40.jar:8.5.40]
	at org.apache.tomcat.util.net.SocketProcessorBase.run(SocketProcessorBase.java:49) [tomcat-embed-core-8.5.40.jar:8.5.40]
	at java.util.concurrent.ThreadPoolExecutor.runWorker(ThreadPoolExecutor.java:1149) [?:1.8.0_151]
	at java.util.concurrent.ThreadPoolExecutor$Worker.run(ThreadPoolExecutor.java:624) [?:1.8.0_151]
	at org.apache.tomcat.util.threads.TaskThread$WrappingRunnable.run(TaskThread.java:61) [tomcat-embed-core-8.5.40.jar:8.5.40]
	at java.lang.Thread.run(Thread.java:748) [?:1.8.0_151]
Caused by: io.netty.channel.ChannelException: failed to open a new selector
	at io.netty.channel.nio.NioEventLoop.openSelector(NioEventLoop.java:175) ~[netty-all-4.1.15.Final.jar:4.1.15.Final]
	at io.netty.channel.nio.NioEventLoop.<init>(NioEventLoop.java:149) ~[netty-all-4.1.15.Final.jar:4.1.15.Final]
	at io.netty.channel.nio.NioEventLoopGroup.newChild(NioEventLoopGroup.java:127) ~[netty-all-4.1.15.Final.jar:4.1.15.Final]
	at io.netty.channel.nio.NioEventLoopGroup.newChild(NioEventLoopGroup.java:36) ~[netty-all-4.1.15.Final.jar:4.1.15.Final]
	at io.netty.util.concurrent.MultithreadEventExecutorGroup.<init>(MultithreadEventExecutorGroup.java:84) ~[netty-all-4.1.15.Final.jar:4.1.15.Final]
	... 66 more
Caused by: java.io.IOException: Unable to establish loopback connection
	at sun.nio.ch.PipeImpl$Initializer.run(PipeImpl.java:94) ~[?:1.8.0_151]
	at sun.nio.ch.PipeImpl$Initializer.run(PipeImpl.java:61) ~[?:1.8.0_151]
	at java.security.AccessController.doPrivileged(Native Method) ~[?:1.8.0_151]
	at sun.nio.ch.PipeImpl.<init>(PipeImpl.java:171) ~[?:1.8.0_151]
	at sun.nio.ch.SelectorProviderImpl.openPipe(SelectorProviderImpl.java:50) ~[?:1.8.0_151]
	at java.nio.channels.Pipe.open(Pipe.java:155) ~[?:1.8.0_151]
	at sun.nio.ch.WindowsSelectorImpl.<init>(WindowsSelectorImpl.java:127) ~[?:1.8.0_151]
	at sun.nio.ch.WindowsSelectorProvider.openSelector(WindowsSelectorProvider.java:44) ~[?:1.8.0_151]
	at io.netty.channel.nio.NioEventLoop.openSelector(NioEventLoop.java:173) ~[netty-all-4.1.15.Final.jar:4.1.15.Final]
	at io.netty.channel.nio.NioEventLoop.<init>(NioEventLoop.java:149) ~[netty-all-4.1.15.Final.jar:4.1.15.Final]
	at io.netty.channel.nio.NioEventLoopGroup.newChild(NioEventLoopGroup.java:127) ~[netty-all-4.1.15.Final.jar:4.1.15.Final]
	at io.netty.channel.nio.NioEventLoopGroup.newChild(NioEventLoopGroup.java:36) ~[netty-all-4.1.15.Final.jar:4.1.15.Final]
	at io.netty.util.concurrent.MultithreadEventExecutorGroup.<init>(MultithreadEventExecutorGroup.java:84) ~[netty-all-4.1.15.Final.jar:4.1.15.Final]
	... 66 more
Caused by: java.net.SocketException: No buffer space available (maximum connections reached?): connect
	at sun.nio.ch.Net.connect0(Native Method) ~[?:1.8.0_151]
	at sun.nio.ch.Net.connect(Net.java:454) ~[?:1.8.0_151]
	at sun.nio.ch.Net.connect(Net.java:446) ~[?:1.8.0_151]
	at sun.nio.ch.SocketChannelImpl.connect(SocketChannelImpl.java:648) ~[?:1.8.0_151]
	at java.nio.channels.SocketChannel.open(SocketChannel.java:189) ~[?:1.8.0_151]
	at sun.nio.ch.PipeImpl$Initializer$LoopbackConnector.run(PipeImpl.java:127) ~[?:1.8.0_151]
	at sun.nio.ch.PipeImpl$Initializer.run(PipeImpl.java:76) ~[?:1.8.0_151]
	at sun.nio.ch.PipeImpl$Initializer.run(PipeImpl.java:61) ~[?:1.8.0_151]
	at java.security.AccessController.doPrivileged(Native Method) ~[?:1.8.0_151]
	at sun.nio.ch.PipeImpl.<init>(PipeImpl.java:171) ~[?:1.8.0_151]
	at sun.nio.ch.SelectorProviderImpl.openPipe(SelectorProviderImpl.java:50) ~[?:1.8.0_151]
	at java.nio.channels.Pipe.open(Pipe.java:155) ~[?:1.8.0_151]
	at sun.nio.ch.WindowsSelectorImpl.<init>(WindowsSelectorImpl.java:127) ~[?:1.8.0_151]
	at sun.nio.ch.WindowsSelectorProvider.openSelector(WindowsSelectorProvider.java:44) ~[?:1.8.0_151]
	at io.netty.channel.nio.NioEventLoop.openSelector(NioEventLoop.java:173) ~[netty-all-4.1.15.Final.jar:4.1.15.Final]
	at io.netty.channel.nio.NioEventLoop.<init>(NioEventLoop.java:149) ~[netty-all-4.1.15.Final.jar:4.1.15.Final]
	at io.netty.channel.nio.NioEventLoopGroup.newChild(NioEventLoopGroup.java:127) ~[netty-all-4.1.15.Final.jar:4.1.15.Final]
	at io.netty.channel.nio.NioEventLoopGroup.newChild(NioEventLoopGroup.java:36) ~[netty-all-4.1.15.Final.jar:4.1.15.Final]
	at io.netty.util.concurrent.MultithreadEventExecutorGroup.<init>(MultithreadEventExecutorGroup.java:84) ~[netty-all-4.1.15.Final.jar:4.1.15.Final]
	... 66 more
2019-08-24 00:46:29.959 [http-nio-8080-exec-8] ERROR Service() - system error 
java.lang.IllegalStateException: failed to create a child event loop
	at io.netty.util.concurrent.MultithreadEventExecutorGroup.<init>(MultithreadEventExecutorGroup.java:88) ~[netty-all-4.1.15.Final.jar:4.1.15.Final]
	at io.netty.util.concurrent.MultithreadEventExecutorGroup.<init>(MultithreadEventExecutorGroup.java:58) ~[netty-all-4.1.15.Final.jar:4.1.15.Final]
	at io.netty.channel.MultithreadEventLoopGroup.<init>(MultithreadEventLoopGroup.java:52) ~[netty-all-4.1.15.Final.jar:4.1.15.Final]
	at io.netty.channel.nio.NioEventLoopGroup.<init>(NioEventLoopGroup.java:87) ~[netty-all-4.1.15.Final.jar:4.1.15.Final]
	at io.netty.channel.nio.NioEventLoopGroup.<init>(NioEventLoopGroup.java:82) ~[netty-all-4.1.15.Final.jar:4.1.15.Final]
	at io.netty.channel.nio.NioEventLoopGroup.<init>(NioEventLoopGroup.java:63) ~[netty-all-4.1.15.Final.jar:4.1.15.Final]
	at io.netty.channel.nio.NioEventLoopGroup.<init>(NioEventLoopGroup.java:51) ~[netty-all-4.1.15.Final.jar:4.1.15.Final]
	at io.netty.channel.nio.NioEventLoopGroup.<init>(NioEventLoopGroup.java:43) ~[netty-all-4.1.15.Final.jar:4.1.15.Final]
	at org.fisco.bcos.channel.handler.ChannelConnections.startConnect(ChannelConnections.java:330) ~[web3sdk-2.0.4.jar:?]
	at org.fisco.bcos.channel.client.Service.run(Service.java:204) [web3sdk-2.0.4.jar:?]
	at org.bithacks.defidefender.service.impl.CommonServiceImpl.initializeNetwork(CommonServiceImpl.java:142) [classes/:?]
	at org.bithacks.defidefender.service.impl.CommonServiceImpl.getCertification(CommonServiceImpl.java:179) [classes/:?]
	at org.bithacks.defidefender.service.impl.CompanyServiceImpl.listBlacklist(CompanyServiceImpl.java:104) [classes/:?]
	at org.bithacks.defidefender.controller.CompanyController.listBlacklist(CompanyController.java:40) [classes/:?]
	at sun.reflect.GeneratedMethodAccessor159.invoke(Unknown Source) ~[?:?]
	at sun.reflect.DelegatingMethodAccessorImpl.invoke(DelegatingMethodAccessorImpl.java:43) ~[?:1.8.0_151]
	at java.lang.reflect.Method.invoke(Method.java:498) ~[?:1.8.0_151]
	at org.springframework.web.method.support.InvocableHandlerMethod.doInvoke(InvocableHandlerMethod.java:205) [spring-web-4.3.24.RELEASE.jar:4.3.24.RELEASE]
	at org.springframework.web.method.support.InvocableHandlerMethod.invokeForRequest(InvocableHandlerMethod.java:133) [spring-web-4.3.24.RELEASE.jar:4.3.24.RELEASE]
	at org.springframework.web.servlet.mvc.method.annotation.ServletInvocableHandlerMethod.invokeAndHandle(ServletInvocableHandlerMethod.java:97) [spring-webmvc-4.3.24.RELEASE.jar:4.3.24.RELEASE]
	at org.springframework.web.servlet.mvc.method.annotation.RequestMappingHandlerAdapter.invokeHandlerMethod(RequestMappingHandlerAdapter.java:854) [spring-webmvc-4.3.24.RELEASE.jar:4.3.24.RELEASE]
	at org.springframework.web.servlet.mvc.method.annotation.RequestMappingHandlerAdapter.handleInternal(RequestMappingHandlerAdapter.java:765) [spring-webmvc-4.3.24.RELEASE.jar:4.3.24.RELEASE]
	at org.springframework.web.servlet.mvc.method.AbstractHandlerMethodAdapter.handle(AbstractHandlerMethodAdapter.java:85) [spring-webmvc-4.3.24.RELEASE.jar:4.3.24.RELEASE]
	at org.springframework.web.servlet.DispatcherServlet.doDispatch(DispatcherServlet.java:967) [spring-webmvc-4.3.24.RELEASE.jar:4.3.24.RELEASE]
	at org.springframework.web.servlet.DispatcherServlet.doService(DispatcherServlet.java:901) [spring-webmvc-4.3.24.RELEASE.jar:4.3.24.RELEASE]
	at org.springframework.web.servlet.FrameworkServlet.processRequest(FrameworkServlet.java:970) [spring-webmvc-4.3.24.RELEASE.jar:4.3.24.RELEASE]
	at org.springframework.web.servlet.FrameworkServlet.doGet(FrameworkServlet.java:861) [spring-webmvc-4.3.24.RELEASE.jar:4.3.24.RELEASE]
	at javax.servlet.http.HttpServlet.service(HttpServlet.java:635) [tomcat-embed-core-8.5.40.jar:8.5.40]
	at org.springframework.web.servlet.FrameworkServlet.service(FrameworkServlet.java:846) [spring-webmvc-4.3.24.RELEASE.jar:4.3.24.RELEASE]
	at javax.servlet.http.HttpServlet.service(HttpServlet.java:742) [tomcat-embed-core-8.5.40.jar:8.5.40]
	at org.apache.catalina.core.ApplicationFilterChain.internalDoFilter(ApplicationFilterChain.java:231) [tomcat-embed-core-8.5.40.jar:8.5.40]
	at org.apache.catalina.core.ApplicationFilterChain.doFilter(ApplicationFilterChain.java:166) [tomcat-embed-core-8.5.40.jar:8.5.40]
	at org.apache.tomcat.websocket.server.WsFilter.doFilter(WsFilter.java:52) [tomcat-embed-websocket-8.5.40.jar:8.5.40]
	at org.apache.catalina.core.ApplicationFilterChain.internalDoFilter(ApplicationFilterChain.java:193) [tomcat-embed-core-8.5.40.jar:8.5.40]
	at org.apache.catalina.core.ApplicationFilterChain.doFilter(ApplicationFilterChain.java:166) [tomcat-embed-core-8.5.40.jar:8.5.40]
	at org.springframework.web.filter.RequestContextFilter.doFilterInternal(RequestContextFilter.java:99) [spring-web-4.3.24.RELEASE.jar:4.3.24.RELEASE]
	at org.springframework.web.filter.OncePerRequestFilter.doFilter(OncePerRequestFilter.java:107) [spring-web-4.3.24.RELEASE.jar:4.3.24.RELEASE]
	at org.apache.catalina.core.ApplicationFilterChain.internalDoFilter(ApplicationFilterChain.java:193) [tomcat-embed-core-8.5.40.jar:8.5.40]
	at org.apache.catalina.core.ApplicationFilterChain.doFilter(ApplicationFilterChain.java:166) [tomcat-embed-core-8.5.40.jar:8.5.40]
	at org.springframework.web.filter.HttpPutFormContentFilter.doFilterInternal(HttpPutFormContentFilter.java:109) [spring-web-4.3.24.RELEASE.jar:4.3.24.RELEASE]
	at org.springframework.web.filter.OncePerRequestFilter.doFilter(OncePerRequestFilter.java:107) [spring-web-4.3.24.RELEASE.jar:4.3.24.RELEASE]
	at org.apache.catalina.core.ApplicationFilterChain.internalDoFilter(ApplicationFilterChain.java:193) [tomcat-embed-core-8.5.40.jar:8.5.40]
	at org.apache.catalina.core.ApplicationFilterChain.doFilter(ApplicationFilterChain.java:166) [tomcat-embed-core-8.5.40.jar:8.5.40]
	at org.springframework.web.filter.HiddenHttpMethodFilter.doFilterInternal(HiddenHttpMethodFilter.java:93) [spring-web-4.3.24.RELEASE.jar:4.3.24.RELEASE]
	at org.springframework.web.filter.OncePerRequestFilter.doFilter(OncePerRequestFilter.java:107) [spring-web-4.3.24.RELEASE.jar:4.3.24.RELEASE]
	at org.apache.catalina.core.ApplicationFilterChain.internalDoFilter(ApplicationFilterChain.java:193) [tomcat-embed-core-8.5.40.jar:8.5.40]
	at org.apache.catalina.core.ApplicationFilterChain.doFilter(ApplicationFilterChain.java:166) [tomcat-embed-core-8.5.40.jar:8.5.40]
	at org.springframework.web.filter.CharacterEncodingFilter.doFilterInternal(CharacterEncodingFilter.java:197) [spring-web-4.3.24.RELEASE.jar:4.3.24.RELEASE]
	at org.springframework.web.filter.OncePerRequestFilter.doFilter(OncePerRequestFilter.java:107) [spring-web-4.3.24.RELEASE.jar:4.3.24.RELEASE]
	at org.apache.catalina.core.ApplicationFilterChain.internalDoFilter(ApplicationFilterChain.java:193) [tomcat-embed-core-8.5.40.jar:8.5.40]
	at org.apache.catalina.core.ApplicationFilterChain.doFilter(ApplicationFilterChain.java:166) [tomcat-embed-core-8.5.40.jar:8.5.40]
	at org.apache.catalina.core.StandardWrapperValve.invoke(StandardWrapperValve.java:199) [tomcat-embed-core-8.5.40.jar:8.5.40]
	at org.apache.catalina.core.StandardContextValve.invoke(StandardContextValve.java:96) [tomcat-embed-core-8.5.40.jar:8.5.40]
	at org.apache.catalina.authenticator.AuthenticatorBase.invoke(AuthenticatorBase.java:493) [tomcat-embed-core-8.5.40.jar:8.5.40]
	at org.apache.catalina.core.StandardHostValve.invoke(StandardHostValve.java:137) [tomcat-embed-core-8.5.40.jar:8.5.40]
	at org.apache.catalina.valves.ErrorReportValve.invoke(ErrorReportValve.java:81) [tomcat-embed-core-8.5.40.jar:8.5.40]
	at org.apache.catalina.core.StandardEngineValve.invoke(StandardEngineValve.java:87) [tomcat-embed-core-8.5.40.jar:8.5.40]
	at org.apache.catalina.connector.CoyoteAdapter.service(CoyoteAdapter.java:343) [tomcat-embed-core-8.5.40.jar:8.5.40]
	at org.apache.coyote.http11.Http11Processor.service(Http11Processor.java:798) [tomcat-embed-core-8.5.40.jar:8.5.40]
	at org.apache.coyote.AbstractProcessorLight.process(AbstractProcessorLight.java:66) [tomcat-embed-core-8.5.40.jar:8.5.40]
	at org.apache.coyote.AbstractProtocol$ConnectionHandler.process(AbstractProtocol.java:808) [tomcat-embed-core-8.5.40.jar:8.5.40]
	at org.apache.tomcat.util.net.NioEndpoint$SocketProcessor.doRun(NioEndpoint.java:1498) [tomcat-embed-core-8.5.40.jar:8.5.40]
	at org.apache.tomcat.util.net.SocketProcessorBase.run(SocketProcessorBase.java:49) [tomcat-embed-core-8.5.40.jar:8.5.40]
	at java.util.concurrent.ThreadPoolExecutor.runWorker(ThreadPoolExecutor.java:1149) [?:1.8.0_151]
	at java.util.concurrent.ThreadPoolExecutor$Worker.run(ThreadPoolExecutor.java:624) [?:1.8.0_151]
	at org.apache.tomcat.util.threads.TaskThread$WrappingRunnable.run(TaskThread.java:61) [tomcat-embed-core-8.5.40.jar:8.5.40]
	at java.lang.Thread.run(Thread.java:748) [?:1.8.0_151]
Caused by: io.netty.channel.ChannelException: failed to open a new selector
	at io.netty.channel.nio.NioEventLoop.openSelector(NioEventLoop.java:175) ~[netty-all-4.1.15.Final.jar:4.1.15.Final]
	at io.netty.channel.nio.NioEventLoop.<init>(NioEventLoop.java:149) ~[netty-all-4.1.15.Final.jar:4.1.15.Final]
	at io.netty.channel.nio.NioEventLoopGroup.newChild(NioEventLoopGroup.java:127) ~[netty-all-4.1.15.Final.jar:4.1.15.Final]
	at io.netty.channel.nio.NioEventLoopGroup.newChild(NioEventLoopGroup.java:36) ~[netty-all-4.1.15.Final.jar:4.1.15.Final]
	at io.netty.util.concurrent.MultithreadEventExecutorGroup.<init>(MultithreadEventExecutorGroup.java:84) ~[netty-all-4.1.15.Final.jar:4.1.15.Final]
	... 66 more
Caused by: java.io.IOException: Unable to establish loopback connection
	at sun.nio.ch.PipeImpl$Initializer.run(PipeImpl.java:94) ~[?:1.8.0_151]
	at sun.nio.ch.PipeImpl$Initializer.run(PipeImpl.java:61) ~[?:1.8.0_151]
	at java.security.AccessController.doPrivileged(Native Method) ~[?:1.8.0_151]
	at sun.nio.ch.PipeImpl.<init>(PipeImpl.java:171) ~[?:1.8.0_151]
	at sun.nio.ch.SelectorProviderImpl.openPipe(SelectorProviderImpl.java:50) ~[?:1.8.0_151]
	at java.nio.channels.Pipe.open(Pipe.java:155) ~[?:1.8.0_151]
	at sun.nio.ch.WindowsSelectorImpl.<init>(WindowsSelectorImpl.java:127) ~[?:1.8.0_151]
	at sun.nio.ch.WindowsSelectorProvider.openSelector(WindowsSelectorProvider.java:44) ~[?:1.8.0_151]
	at io.netty.channel.nio.NioEventLoop.openSelector(NioEventLoop.java:173) ~[netty-all-4.1.15.Final.jar:4.1.15.Final]
	at io.netty.channel.nio.NioEventLoop.<init>(NioEventLoop.java:149) ~[netty-all-4.1.15.Final.jar:4.1.15.Final]
	at io.netty.channel.nio.NioEventLoopGroup.newChild(NioEventLoopGroup.java:127) ~[netty-all-4.1.15.Final.jar:4.1.15.Final]
	at io.netty.channel.nio.NioEventLoopGroup.newChild(NioEventLoopGroup.java:36) ~[netty-all-4.1.15.Final.jar:4.1.15.Final]
	at io.netty.util.concurrent.MultithreadEventExecutorGroup.<init>(MultithreadEventExecutorGroup.java:84) ~[netty-all-4.1.15.Final.jar:4.1.15.Final]
	... 66 more
Caused by: java.net.SocketException: No buffer space available (maximum connections reached?): connect
	at sun.nio.ch.Net.connect0(Native Method) ~[?:1.8.0_151]
	at sun.nio.ch.Net.connect(Net.java:454) ~[?:1.8.0_151]
	at sun.nio.ch.Net.connect(Net.java:446) ~[?:1.8.0_151]
	at sun.nio.ch.SocketChannelImpl.connect(SocketChannelImpl.java:648) ~[?:1.8.0_151]
	at java.nio.channels.SocketChannel.open(SocketChannel.java:189) ~[?:1.8.0_151]
	at sun.nio.ch.PipeImpl$Initializer$LoopbackConnector.run(PipeImpl.java:127) ~[?:1.8.0_151]
	at sun.nio.ch.PipeImpl$Initializer.run(PipeImpl.java:76) ~[?:1.8.0_151]
	at sun.nio.ch.PipeImpl$Initializer.run(PipeImpl.java:61) ~[?:1.8.0_151]
	at java.security.AccessController.doPrivileged(Native Method) ~[?:1.8.0_151]
	at sun.nio.ch.PipeImpl.<init>(PipeImpl.java:171) ~[?:1.8.0_151]
	at sun.nio.ch.SelectorProviderImpl.openPipe(SelectorProviderImpl.java:50) ~[?:1.8.0_151]
	at java.nio.channels.Pipe.open(Pipe.java:155) ~[?:1.8.0_151]
	at sun.nio.ch.WindowsSelectorImpl.<init>(WindowsSelectorImpl.java:127) ~[?:1.8.0_151]
	at sun.nio.ch.WindowsSelectorProvider.openSelector(WindowsSelectorProvider.java:44) ~[?:1.8.0_151]
	at io.netty.channel.nio.NioEventLoop.openSelector(NioEventLoop.java:173) ~[netty-all-4.1.15.Final.jar:4.1.15.Final]
	at io.netty.channel.nio.NioEventLoop.<init>(NioEventLoop.java:149) ~[netty-all-4.1.15.Final.jar:4.1.15.Final]
	at io.netty.channel.nio.NioEventLoopGroup.newChild(NioEventLoopGroup.java:127) ~[netty-all-4.1.15.Final.jar:4.1.15.Final]
	at io.netty.channel.nio.NioEventLoopGroup.newChild(NioEventLoopGroup.java:36) ~[netty-all-4.1.15.Final.jar:4.1.15.Final]
	at io.netty.util.concurrent.MultithreadEventExecutorGroup.<init>(MultithreadEventExecutorGroup.java:84) ~[netty-all-4.1.15.Final.jar:4.1.15.Final]
	... 66 more
2019-08-24 00:46:39.911 [http-nio-8080-exec-4] ERROR Service() - system error 
java.lang.IllegalStateException: failed to create a child event loop
	at io.netty.util.concurrent.MultithreadEventExecutorGroup.<init>(MultithreadEventExecutorGroup.java:88) ~[netty-all-4.1.15.Final.jar:4.1.15.Final]
	at io.netty.util.concurrent.MultithreadEventExecutorGroup.<init>(MultithreadEventExecutorGroup.java:58) ~[netty-all-4.1.15.Final.jar:4.1.15.Final]
	at io.netty.channel.MultithreadEventLoopGroup.<init>(MultithreadEventLoopGroup.java:52) ~[netty-all-4.1.15.Final.jar:4.1.15.Final]
	at io.netty.channel.nio.NioEventLoopGroup.<init>(NioEventLoopGroup.java:87) ~[netty-all-4.1.15.Final.jar:4.1.15.Final]
	at io.netty.channel.nio.NioEventLoopGroup.<init>(NioEventLoopGroup.java:82) ~[netty-all-4.1.15.Final.jar:4.1.15.Final]
	at io.netty.channel.nio.NioEventLoopGroup.<init>(NioEventLoopGroup.java:63) ~[netty-all-4.1.15.Final.jar:4.1.15.Final]
	at io.netty.channel.nio.NioEventLoopGroup.<init>(NioEventLoopGroup.java:51) ~[netty-all-4.1.15.Final.jar:4.1.15.Final]
	at io.netty.channel.nio.NioEventLoopGroup.<init>(NioEventLoopGroup.java:43) ~[netty-all-4.1.15.Final.jar:4.1.15.Final]
	at org.fisco.bcos.channel.handler.ChannelConnections.startConnect(ChannelConnections.java:330) ~[web3sdk-2.0.4.jar:?]
	at org.fisco.bcos.channel.client.Service.run(Service.java:204) [web3sdk-2.0.4.jar:?]
	at org.bithacks.defidefender.service.impl.CommonServiceImpl.initializeNetwork(CommonServiceImpl.java:142) [classes/:?]
	at org.bithacks.defidefender.service.impl.CommonServiceImpl.getCertification(CommonServiceImpl.java:179) [classes/:?]
	at org.bithacks.defidefender.service.impl.CompanyServiceImpl.listBlacklist(CompanyServiceImpl.java:104) [classes/:?]
	at org.bithacks.defidefender.controller.CompanyController.listBlacklist(CompanyController.java:40) [classes/:?]
	at sun.reflect.GeneratedMethodAccessor159.invoke(Unknown Source) ~[?:?]
	at sun.reflect.DelegatingMethodAccessorImpl.invoke(DelegatingMethodAccessorImpl.java:43) ~[?:1.8.0_151]
	at java.lang.reflect.Method.invoke(Method.java:498) ~[?:1.8.0_151]
	at org.springframework.web.method.support.InvocableHandlerMethod.doInvoke(InvocableHandlerMethod.java:205) [spring-web-4.3.24.RELEASE.jar:4.3.24.RELEASE]
	at org.springframework.web.method.support.InvocableHandlerMethod.invokeForRequest(InvocableHandlerMethod.java:133) [spring-web-4.3.24.RELEASE.jar:4.3.24.RELEASE]
	at org.springframework.web.servlet.mvc.method.annotation.ServletInvocableHandlerMethod.invokeAndHandle(ServletInvocableHandlerMethod.java:97) [spring-webmvc-4.3.24.RELEASE.jar:4.3.24.RELEASE]
	at org.springframework.web.servlet.mvc.method.annotation.RequestMappingHandlerAdapter.invokeHandlerMethod(RequestMappingHandlerAdapter.java:854) [spring-webmvc-4.3.24.RELEASE.jar:4.3.24.RELEASE]
	at org.springframework.web.servlet.mvc.method.annotation.RequestMappingHandlerAdapter.handleInternal(RequestMappingHandlerAdapter.java:765) [spring-webmvc-4.3.24.RELEASE.jar:4.3.24.RELEASE]
	at org.springframework.web.servlet.mvc.method.AbstractHandlerMethodAdapter.handle(AbstractHandlerMethodAdapter.java:85) [spring-webmvc-4.3.24.RELEASE.jar:4.3.24.RELEASE]
	at org.springframework.web.servlet.DispatcherServlet.doDispatch(DispatcherServlet.java:967) [spring-webmvc-4.3.24.RELEASE.jar:4.3.24.RELEASE]
	at org.springframework.web.servlet.DispatcherServlet.doService(DispatcherServlet.java:901) [spring-webmvc-4.3.24.RELEASE.jar:4.3.24.RELEASE]
	at org.springframework.web.servlet.FrameworkServlet.processRequest(FrameworkServlet.java:970) [spring-webmvc-4.3.24.RELEASE.jar:4.3.24.RELEASE]
	at org.springframework.web.servlet.FrameworkServlet.doGet(FrameworkServlet.java:861) [spring-webmvc-4.3.24.RELEASE.jar:4.3.24.RELEASE]
	at javax.servlet.http.HttpServlet.service(HttpServlet.java:635) [tomcat-embed-core-8.5.40.jar:8.5.40]
	at org.springframework.web.servlet.FrameworkServlet.service(FrameworkServlet.java:846) [spring-webmvc-4.3.24.RELEASE.jar:4.3.24.RELEASE]
	at javax.servlet.http.HttpServlet.service(HttpServlet.java:742) [tomcat-embed-core-8.5.40.jar:8.5.40]
	at org.apache.catalina.core.ApplicationFilterChain.internalDoFilter(ApplicationFilterChain.java:231) [tomcat-embed-core-8.5.40.jar:8.5.40]
	at org.apache.catalina.core.ApplicationFilterChain.doFilter(ApplicationFilterChain.java:166) [tomcat-embed-core-8.5.40.jar:8.5.40]
	at org.apache.tomcat.websocket.server.WsFilter.doFilter(WsFilter.java:52) [tomcat-embed-websocket-8.5.40.jar:8.5.40]
	at org.apache.catalina.core.ApplicationFilterChain.internalDoFilter(ApplicationFilterChain.java:193) [tomcat-embed-core-8.5.40.jar:8.5.40]
	at org.apache.catalina.core.ApplicationFilterChain.doFilter(ApplicationFilterChain.java:166) [tomcat-embed-core-8.5.40.jar:8.5.40]
	at org.springframework.web.filter.RequestContextFilter.doFilterInternal(RequestContextFilter.java:99) [spring-web-4.3.24.RELEASE.jar:4.3.24.RELEASE]
	at org.springframework.web.filter.OncePerRequestFilter.doFilter(OncePerRequestFilter.java:107) [spring-web-4.3.24.RELEASE.jar:4.3.24.RELEASE]
	at org.apache.catalina.core.ApplicationFilterChain.internalDoFilter(ApplicationFilterChain.java:193) [tomcat-embed-core-8.5.40.jar:8.5.40]
	at org.apache.catalina.core.ApplicationFilterChain.doFilter(ApplicationFilterChain.java:166) [tomcat-embed-core-8.5.40.jar:8.5.40]
	at org.springframework.web.filter.HttpPutFormContentFilter.doFilterInternal(HttpPutFormContentFilter.java:109) [spring-web-4.3.24.RELEASE.jar:4.3.24.RELEASE]
	at org.springframework.web.filter.OncePerRequestFilter.doFilter(OncePerRequestFilter.java:107) [spring-web-4.3.24.RELEASE.jar:4.3.24.RELEASE]
	at org.apache.catalina.core.ApplicationFilterChain.internalDoFilter(ApplicationFilterChain.java:193) [tomcat-embed-core-8.5.40.jar:8.5.40]
	at org.apache.catalina.core.ApplicationFilterChain.doFilter(ApplicationFilterChain.java:166) [tomcat-embed-core-8.5.40.jar:8.5.40]
	at org.springframework.web.filter.HiddenHttpMethodFilter.doFilterInternal(HiddenHttpMethodFilter.java:93) [spring-web-4.3.24.RELEASE.jar:4.3.24.RELEASE]
	at org.springframework.web.filter.OncePerRequestFilter.doFilter(OncePerRequestFilter.java:107) [spring-web-4.3.24.RELEASE.jar:4.3.24.RELEASE]
	at org.apache.catalina.core.ApplicationFilterChain.internalDoFilter(ApplicationFilterChain.java:193) [tomcat-embed-core-8.5.40.jar:8.5.40]
	at org.apache.catalina.core.ApplicationFilterChain.doFilter(ApplicationFilterChain.java:166) [tomcat-embed-core-8.5.40.jar:8.5.40]
	at org.springframework.web.filter.CharacterEncodingFilter.doFilterInternal(CharacterEncodingFilter.java:197) [spring-web-4.3.24.RELEASE.jar:4.3.24.RELEASE]
	at org.springframework.web.filter.OncePerRequestFilter.doFilter(OncePerRequestFilter.java:107) [spring-web-4.3.24.RELEASE.jar:4.3.24.RELEASE]
	at org.apache.catalina.core.ApplicationFilterChain.internalDoFilter(ApplicationFilterChain.java:193) [tomcat-embed-core-8.5.40.jar:8.5.40]
	at org.apache.catalina.core.ApplicationFilterChain.doFilter(ApplicationFilterChain.java:166) [tomcat-embed-core-8.5.40.jar:8.5.40]
	at org.apache.catalina.core.StandardWrapperValve.invoke(StandardWrapperValve.java:199) [tomcat-embed-core-8.5.40.jar:8.5.40]
	at org.apache.catalina.core.StandardContextValve.invoke(StandardContextValve.java:96) [tomcat-embed-core-8.5.40.jar:8.5.40]
	at org.apache.catalina.authenticator.AuthenticatorBase.invoke(AuthenticatorBase.java:493) [tomcat-embed-core-8.5.40.jar:8.5.40]
	at org.apache.catalina.core.StandardHostValve.invoke(StandardHostValve.java:137) [tomcat-embed-core-8.5.40.jar:8.5.40]
	at org.apache.catalina.valves.ErrorReportValve.invoke(ErrorReportValve.java:81) [tomcat-embed-core-8.5.40.jar:8.5.40]
	at org.apache.catalina.core.StandardEngineValve.invoke(StandardEngineValve.java:87) [tomcat-embed-core-8.5.40.jar:8.5.40]
	at org.apache.catalina.connector.CoyoteAdapter.service(CoyoteAdapter.java:343) [tomcat-embed-core-8.5.40.jar:8.5.40]
	at org.apache.coyote.http11.Http11Processor.service(Http11Processor.java:798) [tomcat-embed-core-8.5.40.jar:8.5.40]
	at org.apache.coyote.AbstractProcessorLight.process(AbstractProcessorLight.java:66) [tomcat-embed-core-8.5.40.jar:8.5.40]
	at org.apache.coyote.AbstractProtocol$ConnectionHandler.process(AbstractProtocol.java:808) [tomcat-embed-core-8.5.40.jar:8.5.40]
	at org.apache.tomcat.util.net.NioEndpoint$SocketProcessor.doRun(NioEndpoint.java:1498) [tomcat-embed-core-8.5.40.jar:8.5.40]
	at org.apache.tomcat.util.net.SocketProcessorBase.run(SocketProcessorBase.java:49) [tomcat-embed-core-8.5.40.jar:8.5.40]
	at java.util.concurrent.ThreadPoolExecutor.runWorker(ThreadPoolExecutor.java:1149) [?:1.8.0_151]
	at java.util.concurrent.ThreadPoolExecutor$Worker.run(ThreadPoolExecutor.java:624) [?:1.8.0_151]
	at org.apache.tomcat.util.threads.TaskThread$WrappingRunnable.run(TaskThread.java:61) [tomcat-embed-core-8.5.40.jar:8.5.40]
	at java.lang.Thread.run(Thread.java:748) [?:1.8.0_151]
Caused by: io.netty.channel.ChannelException: failed to open a new selector
	at io.netty.channel.nio.NioEventLoop.openSelector(NioEventLoop.java:175) ~[netty-all-4.1.15.Final.jar:4.1.15.Final]
	at io.netty.channel.nio.NioEventLoop.<init>(NioEventLoop.java:149) ~[netty-all-4.1.15.Final.jar:4.1.15.Final]
	at io.netty.channel.nio.NioEventLoopGroup.newChild(NioEventLoopGroup.java:127) ~[netty-all-4.1.15.Final.jar:4.1.15.Final]
	at io.netty.channel.nio.NioEventLoopGroup.newChild(NioEventLoopGroup.java:36) ~[netty-all-4.1.15.Final.jar:4.1.15.Final]
	at io.netty.util.concurrent.MultithreadEventExecutorGroup.<init>(MultithreadEventExecutorGroup.java:84) ~[netty-all-4.1.15.Final.jar:4.1.15.Final]
	... 66 more
Caused by: java.io.IOException: Unable to establish loopback connection
	at sun.nio.ch.PipeImpl$Initializer.run(PipeImpl.java:94) ~[?:1.8.0_151]
	at sun.nio.ch.PipeImpl$Initializer.run(PipeImpl.java:61) ~[?:1.8.0_151]
	at java.security.AccessController.doPrivileged(Native Method) ~[?:1.8.0_151]
	at sun.nio.ch.PipeImpl.<init>(PipeImpl.java:171) ~[?:1.8.0_151]
	at sun.nio.ch.SelectorProviderImpl.openPipe(SelectorProviderImpl.java:50) ~[?:1.8.0_151]
	at java.nio.channels.Pipe.open(Pipe.java:155) ~[?:1.8.0_151]
	at sun.nio.ch.WindowsSelectorImpl.<init>(WindowsSelectorImpl.java:127) ~[?:1.8.0_151]
	at sun.nio.ch.WindowsSelectorProvider.openSelector(WindowsSelectorProvider.java:44) ~[?:1.8.0_151]
	at io.netty.channel.nio.NioEventLoop.openSelector(NioEventLoop.java:173) ~[netty-all-4.1.15.Final.jar:4.1.15.Final]
	at io.netty.channel.nio.NioEventLoop.<init>(NioEventLoop.java:149) ~[netty-all-4.1.15.Final.jar:4.1.15.Final]
	at io.netty.channel.nio.NioEventLoopGroup.newChild(NioEventLoopGroup.java:127) ~[netty-all-4.1.15.Final.jar:4.1.15.Final]
	at io.netty.channel.nio.NioEventLoopGroup.newChild(NioEventLoopGroup.java:36) ~[netty-all-4.1.15.Final.jar:4.1.15.Final]
	at io.netty.util.concurrent.MultithreadEventExecutorGroup.<init>(MultithreadEventExecutorGroup.java:84) ~[netty-all-4.1.15.Final.jar:4.1.15.Final]
	... 66 more
Caused by: java.net.SocketException: No buffer space available (maximum connections reached?): connect
	at sun.nio.ch.Net.connect0(Native Method) ~[?:1.8.0_151]
	at sun.nio.ch.Net.connect(Net.java:454) ~[?:1.8.0_151]
	at sun.nio.ch.Net.connect(Net.java:446) ~[?:1.8.0_151]
	at sun.nio.ch.SocketChannelImpl.connect(SocketChannelImpl.java:648) ~[?:1.8.0_151]
	at java.nio.channels.SocketChannel.open(SocketChannel.java:189) ~[?:1.8.0_151]
	at sun.nio.ch.PipeImpl$Initializer$LoopbackConnector.run(PipeImpl.java:127) ~[?:1.8.0_151]
	at sun.nio.ch.PipeImpl$Initializer.run(PipeImpl.java:76) ~[?:1.8.0_151]
	at sun.nio.ch.PipeImpl$Initializer.run(PipeImpl.java:61) ~[?:1.8.0_151]
	at java.security.AccessController.doPrivileged(Native Method) ~[?:1.8.0_151]
	at sun.nio.ch.PipeImpl.<init>(PipeImpl.java:171) ~[?:1.8.0_151]
	at sun.nio.ch.SelectorProviderImpl.openPipe(SelectorProviderImpl.java:50) ~[?:1.8.0_151]
	at java.nio.channels.Pipe.open(Pipe.java:155) ~[?:1.8.0_151]
	at sun.nio.ch.WindowsSelectorImpl.<init>(WindowsSelectorImpl.java:127) ~[?:1.8.0_151]
	at sun.nio.ch.WindowsSelectorProvider.openSelector(WindowsSelectorProvider.java:44) ~[?:1.8.0_151]
	at io.netty.channel.nio.NioEventLoop.openSelector(NioEventLoop.java:173) ~[netty-all-4.1.15.Final.jar:4.1.15.Final]
	at io.netty.channel.nio.NioEventLoop.<init>(NioEventLoop.java:149) ~[netty-all-4.1.15.Final.jar:4.1.15.Final]
	at io.netty.channel.nio.NioEventLoopGroup.newChild(NioEventLoopGroup.java:127) ~[netty-all-4.1.15.Final.jar:4.1.15.Final]
	at io.netty.channel.nio.NioEventLoopGroup.newChild(NioEventLoopGroup.java:36) ~[netty-all-4.1.15.Final.jar:4.1.15.Final]
	at io.netty.util.concurrent.MultithreadEventExecutorGroup.<init>(MultithreadEventExecutorGroup.java:84) ~[netty-all-4.1.15.Final.jar:4.1.15.Final]
	... 66 more
2019-08-24 00:48:13.743 [http-nio-8080-exec-10] ERROR Service() - system error 
java.lang.IllegalStateException: failed to create a child event loop
	at io.netty.util.concurrent.MultithreadEventExecutorGroup.<init>(MultithreadEventExecutorGroup.java:88) ~[netty-all-4.1.15.Final.jar:4.1.15.Final]
	at io.netty.util.concurrent.MultithreadEventExecutorGroup.<init>(MultithreadEventExecutorGroup.java:58) ~[netty-all-4.1.15.Final.jar:4.1.15.Final]
	at io.netty.channel.MultithreadEventLoopGroup.<init>(MultithreadEventLoopGroup.java:52) ~[netty-all-4.1.15.Final.jar:4.1.15.Final]
	at io.netty.channel.nio.NioEventLoopGroup.<init>(NioEventLoopGroup.java:87) ~[netty-all-4.1.15.Final.jar:4.1.15.Final]
	at io.netty.channel.nio.NioEventLoopGroup.<init>(NioEventLoopGroup.java:82) ~[netty-all-4.1.15.Final.jar:4.1.15.Final]
	at io.netty.channel.nio.NioEventLoopGroup.<init>(NioEventLoopGroup.java:63) ~[netty-all-4.1.15.Final.jar:4.1.15.Final]
	at io.netty.channel.nio.NioEventLoopGroup.<init>(NioEventLoopGroup.java:51) ~[netty-all-4.1.15.Final.jar:4.1.15.Final]
	at io.netty.channel.nio.NioEventLoopGroup.<init>(NioEventLoopGroup.java:43) ~[netty-all-4.1.15.Final.jar:4.1.15.Final]
	at org.fisco.bcos.channel.handler.ChannelConnections.startConnect(ChannelConnections.java:330) ~[web3sdk-2.0.4.jar:?]
	at org.fisco.bcos.channel.client.Service.run(Service.java:204) [web3sdk-2.0.4.jar:?]
	at org.bithacks.defidefender.service.impl.CommonServiceImpl.initializeNetwork(CommonServiceImpl.java:142) [classes/:?]
	at org.bithacks.defidefender.service.impl.CommonServiceImpl.getCertification(CommonServiceImpl.java:179) [classes/:?]
	at org.bithacks.defidefender.service.impl.CompanyServiceImpl.listBlacklistByWeid(CompanyServiceImpl.java:125) [classes/:?]
	at org.bithacks.defidefender.controller.CompanyController.listBlacklistByWeid(CompanyController.java:47) [classes/:?]
	at sun.reflect.NativeMethodAccessorImpl.invoke0(Native Method) ~[?:1.8.0_151]
	at sun.reflect.NativeMethodAccessorImpl.invoke(NativeMethodAccessorImpl.java:62) ~[?:1.8.0_151]
	at sun.reflect.DelegatingMethodAccessorImpl.invoke(DelegatingMethodAccessorImpl.java:43) ~[?:1.8.0_151]
	at java.lang.reflect.Method.invoke(Method.java:498) ~[?:1.8.0_151]
	at org.springframework.web.method.support.InvocableHandlerMethod.doInvoke(InvocableHandlerMethod.java:205) [spring-web-4.3.24.RELEASE.jar:4.3.24.RELEASE]
	at org.springframework.web.method.support.InvocableHandlerMethod.invokeForRequest(InvocableHandlerMethod.java:133) [spring-web-4.3.24.RELEASE.jar:4.3.24.RELEASE]
	at org.springframework.web.servlet.mvc.method.annotation.ServletInvocableHandlerMethod.invokeAndHandle(ServletInvocableHandlerMethod.java:97) [spring-webmvc-4.3.24.RELEASE.jar:4.3.24.RELEASE]
	at org.springframework.web.servlet.mvc.method.annotation.RequestMappingHandlerAdapter.invokeHandlerMethod(RequestMappingHandlerAdapter.java:854) [spring-webmvc-4.3.24.RELEASE.jar:4.3.24.RELEASE]
	at org.springframework.web.servlet.mvc.method.annotation.RequestMappingHandlerAdapter.handleInternal(RequestMappingHandlerAdapter.java:765) [spring-webmvc-4.3.24.RELEASE.jar:4.3.24.RELEASE]
	at org.springframework.web.servlet.mvc.method.AbstractHandlerMethodAdapter.handle(AbstractHandlerMethodAdapter.java:85) [spring-webmvc-4.3.24.RELEASE.jar:4.3.24.RELEASE]
	at org.springframework.web.servlet.DispatcherServlet.doDispatch(DispatcherServlet.java:967) [spring-webmvc-4.3.24.RELEASE.jar:4.3.24.RELEASE]
	at org.springframework.web.servlet.DispatcherServlet.doService(DispatcherServlet.java:901) [spring-webmvc-4.3.24.RELEASE.jar:4.3.24.RELEASE]
	at org.springframework.web.servlet.FrameworkServlet.processRequest(FrameworkServlet.java:970) [spring-webmvc-4.3.24.RELEASE.jar:4.3.24.RELEASE]
	at org.springframework.web.servlet.FrameworkServlet.doPost(FrameworkServlet.java:872) [spring-webmvc-4.3.24.RELEASE.jar:4.3.24.RELEASE]
	at javax.servlet.http.HttpServlet.service(HttpServlet.java:661) [tomcat-embed-core-8.5.40.jar:8.5.40]
	at org.springframework.web.servlet.FrameworkServlet.service(FrameworkServlet.java:846) [spring-webmvc-4.3.24.RELEASE.jar:4.3.24.RELEASE]
	at javax.servlet.http.HttpServlet.service(HttpServlet.java:742) [tomcat-embed-core-8.5.40.jar:8.5.40]
	at org.apache.catalina.core.ApplicationFilterChain.internalDoFilter(ApplicationFilterChain.java:231) [tomcat-embed-core-8.5.40.jar:8.5.40]
	at org.apache.catalina.core.ApplicationFilterChain.doFilter(ApplicationFilterChain.java:166) [tomcat-embed-core-8.5.40.jar:8.5.40]
	at org.apache.tomcat.websocket.server.WsFilter.doFilter(WsFilter.java:52) [tomcat-embed-websocket-8.5.40.jar:8.5.40]
	at org.apache.catalina.core.ApplicationFilterChain.internalDoFilter(ApplicationFilterChain.java:193) [tomcat-embed-core-8.5.40.jar:8.5.40]
	at org.apache.catalina.core.ApplicationFilterChain.doFilter(ApplicationFilterChain.java:166) [tomcat-embed-core-8.5.40.jar:8.5.40]
	at org.springframework.web.filter.RequestContextFilter.doFilterInternal(RequestContextFilter.java:99) [spring-web-4.3.24.RELEASE.jar:4.3.24.RELEASE]
	at org.springframework.web.filter.OncePerRequestFilter.doFilter(OncePerRequestFilter.java:107) [spring-web-4.3.24.RELEASE.jar:4.3.24.RELEASE]
	at org.apache.catalina.core.ApplicationFilterChain.internalDoFilter(ApplicationFilterChain.java:193) [tomcat-embed-core-8.5.40.jar:8.5.40]
	at org.apache.catalina.core.ApplicationFilterChain.doFilter(ApplicationFilterChain.java:166) [tomcat-embed-core-8.5.40.jar:8.5.40]
	at org.springframework.web.filter.HttpPutFormContentFilter.doFilterInternal(HttpPutFormContentFilter.java:109) [spring-web-4.3.24.RELEASE.jar:4.3.24.RELEASE]
	at org.springframework.web.filter.OncePerRequestFilter.doFilter(OncePerRequestFilter.java:107) [spring-web-4.3.24.RELEASE.jar:4.3.24.RELEASE]
	at org.apache.catalina.core.ApplicationFilterChain.internalDoFilter(ApplicationFilterChain.java:193) [tomcat-embed-core-8.5.40.jar:8.5.40]
	at org.apache.catalina.core.ApplicationFilterChain.doFilter(ApplicationFilterChain.java:166) [tomcat-embed-core-8.5.40.jar:8.5.40]
	at org.springframework.web.filter.HiddenHttpMethodFilter.doFilterInternal(HiddenHttpMethodFilter.java:93) [spring-web-4.3.24.RELEASE.jar:4.3.24.RELEASE]
	at org.springframework.web.filter.OncePerRequestFilter.doFilter(OncePerRequestFilter.java:107) [spring-web-4.3.24.RELEASE.jar:4.3.24.RELEASE]
	at org.apache.catalina.core.ApplicationFilterChain.internalDoFilter(ApplicationFilterChain.java:193) [tomcat-embed-core-8.5.40.jar:8.5.40]
	at org.apache.catalina.core.ApplicationFilterChain.doFilter(ApplicationFilterChain.java:166) [tomcat-embed-core-8.5.40.jar:8.5.40]
	at org.springframework.web.filter.CharacterEncodingFilter.doFilterInternal(CharacterEncodingFilter.java:197) [spring-web-4.3.24.RELEASE.jar:4.3.24.RELEASE]
	at org.springframework.web.filter.OncePerRequestFilter.doFilter(OncePerRequestFilter.java:107) [spring-web-4.3.24.RELEASE.jar:4.3.24.RELEASE]
	at org.apache.catalina.core.ApplicationFilterChain.internalDoFilter(ApplicationFilterChain.java:193) [tomcat-embed-core-8.5.40.jar:8.5.40]
	at org.apache.catalina.core.ApplicationFilterChain.doFilter(ApplicationFilterChain.java:166) [tomcat-embed-core-8.5.40.jar:8.5.40]
	at org.apache.catalina.core.StandardWrapperValve.invoke(StandardWrapperValve.java:199) [tomcat-embed-core-8.5.40.jar:8.5.40]
	at org.apache.catalina.core.StandardContextValve.invoke(StandardContextValve.java:96) [tomcat-embed-core-8.5.40.jar:8.5.40]
	at org.apache.catalina.authenticator.AuthenticatorBase.invoke(AuthenticatorBase.java:493) [tomcat-embed-core-8.5.40.jar:8.5.40]
	at org.apache.catalina.core.StandardHostValve.invoke(StandardHostValve.java:137) [tomcat-embed-core-8.5.40.jar:8.5.40]
	at org.apache.catalina.valves.ErrorReportValve.invoke(ErrorReportValve.java:81) [tomcat-embed-core-8.5.40.jar:8.5.40]
	at org.apache.catalina.core.StandardEngineValve.invoke(StandardEngineValve.java:87) [tomcat-embed-core-8.5.40.jar:8.5.40]
	at org.apache.catalina.connector.CoyoteAdapter.service(CoyoteAdapter.java:343) [tomcat-embed-core-8.5.40.jar:8.5.40]
	at org.apache.coyote.http11.Http11Processor.service(Http11Processor.java:798) [tomcat-embed-core-8.5.40.jar:8.5.40]
	at org.apache.coyote.AbstractProcessorLight.process(AbstractProcessorLight.java:66) [tomcat-embed-core-8.5.40.jar:8.5.40]
	at org.apache.coyote.AbstractProtocol$ConnectionHandler.process(AbstractProtocol.java:808) [tomcat-embed-core-8.5.40.jar:8.5.40]
	at org.apache.tomcat.util.net.NioEndpoint$SocketProcessor.doRun(NioEndpoint.java:1498) [tomcat-embed-core-8.5.40.jar:8.5.40]
	at org.apache.tomcat.util.net.SocketProcessorBase.run(SocketProcessorBase.java:49) [tomcat-embed-core-8.5.40.jar:8.5.40]
	at java.util.concurrent.ThreadPoolExecutor.runWorker(ThreadPoolExecutor.java:1149) [?:1.8.0_151]
	at java.util.concurrent.ThreadPoolExecutor$Worker.run(ThreadPoolExecutor.java:624) [?:1.8.0_151]
	at org.apache.tomcat.util.threads.TaskThread$WrappingRunnable.run(TaskThread.java:61) [tomcat-embed-core-8.5.40.jar:8.5.40]
	at java.lang.Thread.run(Thread.java:748) [?:1.8.0_151]
Caused by: io.netty.channel.ChannelException: failed to open a new selector
	at io.netty.channel.nio.NioEventLoop.openSelector(NioEventLoop.java:175) ~[netty-all-4.1.15.Final.jar:4.1.15.Final]
	at io.netty.channel.nio.NioEventLoop.<init>(NioEventLoop.java:149) ~[netty-all-4.1.15.Final.jar:4.1.15.Final]
	at io.netty.channel.nio.NioEventLoopGroup.newChild(NioEventLoopGroup.java:127) ~[netty-all-4.1.15.Final.jar:4.1.15.Final]
	at io.netty.channel.nio.NioEventLoopGroup.newChild(NioEventLoopGroup.java:36) ~[netty-all-4.1.15.Final.jar:4.1.15.Final]
	at io.netty.util.concurrent.MultithreadEventExecutorGroup.<init>(MultithreadEventExecutorGroup.java:84) ~[netty-all-4.1.15.Final.jar:4.1.15.Final]
	... 67 more
Caused by: java.io.IOException: Unable to establish loopback connection
	at sun.nio.ch.PipeImpl$Initializer.run(PipeImpl.java:94) ~[?:1.8.0_151]
	at sun.nio.ch.PipeImpl$Initializer.run(PipeImpl.java:61) ~[?:1.8.0_151]
	at java.security.AccessController.doPrivileged(Native Method) ~[?:1.8.0_151]
	at sun.nio.ch.PipeImpl.<init>(PipeImpl.java:171) ~[?:1.8.0_151]
	at sun.nio.ch.SelectorProviderImpl.openPipe(SelectorProviderImpl.java:50) ~[?:1.8.0_151]
	at java.nio.channels.Pipe.open(Pipe.java:155) ~[?:1.8.0_151]
	at sun.nio.ch.WindowsSelectorImpl.<init>(WindowsSelectorImpl.java:127) ~[?:1.8.0_151]
	at sun.nio.ch.WindowsSelectorProvider.openSelector(WindowsSelectorProvider.java:44) ~[?:1.8.0_151]
	at io.netty.channel.nio.NioEventLoop.openSelector(NioEventLoop.java:173) ~[netty-all-4.1.15.Final.jar:4.1.15.Final]
	at io.netty.channel.nio.NioEventLoop.<init>(NioEventLoop.java:149) ~[netty-all-4.1.15.Final.jar:4.1.15.Final]
	at io.netty.channel.nio.NioEventLoopGroup.newChild(NioEventLoopGroup.java:127) ~[netty-all-4.1.15.Final.jar:4.1.15.Final]
	at io.netty.channel.nio.NioEventLoopGroup.newChild(NioEventLoopGroup.java:36) ~[netty-all-4.1.15.Final.jar:4.1.15.Final]
	at io.netty.util.concurrent.MultithreadEventExecutorGroup.<init>(MultithreadEventExecutorGroup.java:84) ~[netty-all-4.1.15.Final.jar:4.1.15.Final]
	... 67 more
Caused by: java.net.SocketException: No buffer space available (maximum connections reached?): connect
	at sun.nio.ch.Net.connect0(Native Method) ~[?:1.8.0_151]
	at sun.nio.ch.Net.connect(Net.java:454) ~[?:1.8.0_151]
	at sun.nio.ch.Net.connect(Net.java:446) ~[?:1.8.0_151]
	at sun.nio.ch.SocketChannelImpl.connect(SocketChannelImpl.java:648) ~[?:1.8.0_151]
	at java.nio.channels.SocketChannel.open(SocketChannel.java:189) ~[?:1.8.0_151]
	at sun.nio.ch.PipeImpl$Initializer$LoopbackConnector.run(PipeImpl.java:127) ~[?:1.8.0_151]
	at sun.nio.ch.PipeImpl$Initializer.run(PipeImpl.java:76) ~[?:1.8.0_151]
	at sun.nio.ch.PipeImpl$Initializer.run(PipeImpl.java:61) ~[?:1.8.0_151]
	at java.security.AccessController.doPrivileged(Native Method) ~[?:1.8.0_151]
	at sun.nio.ch.PipeImpl.<init>(PipeImpl.java:171) ~[?:1.8.0_151]
	at sun.nio.ch.SelectorProviderImpl.openPipe(SelectorProviderImpl.java:50) ~[?:1.8.0_151]
	at java.nio.channels.Pipe.open(Pipe.java:155) ~[?:1.8.0_151]
	at sun.nio.ch.WindowsSelectorImpl.<init>(WindowsSelectorImpl.java:127) ~[?:1.8.0_151]
	at sun.nio.ch.WindowsSelectorProvider.openSelector(WindowsSelectorProvider.java:44) ~[?:1.8.0_151]
	at io.netty.channel.nio.NioEventLoop.openSelector(NioEventLoop.java:173) ~[netty-all-4.1.15.Final.jar:4.1.15.Final]
	at io.netty.channel.nio.NioEventLoop.<init>(NioEventLoop.java:149) ~[netty-all-4.1.15.Final.jar:4.1.15.Final]
	at io.netty.channel.nio.NioEventLoopGroup.newChild(NioEventLoopGroup.java:127) ~[netty-all-4.1.15.Final.jar:4.1.15.Final]
	at io.netty.channel.nio.NioEventLoopGroup.newChild(NioEventLoopGroup.java:36) ~[netty-all-4.1.15.Final.jar:4.1.15.Final]
	at io.netty.util.concurrent.MultithreadEventExecutorGroup.<init>(MultithreadEventExecutorGroup.java:84) ~[netty-all-4.1.15.Final.jar:4.1.15.Final]
	... 67 more
2019-08-24 00:48:16.569 [http-nio-8080-exec-5] ERROR Service() - system error 
java.lang.IllegalStateException: failed to create a child event loop
	at io.netty.util.concurrent.MultithreadEventExecutorGroup.<init>(MultithreadEventExecutorGroup.java:88) ~[netty-all-4.1.15.Final.jar:4.1.15.Final]
	at io.netty.util.concurrent.MultithreadEventExecutorGroup.<init>(MultithreadEventExecutorGroup.java:58) ~[netty-all-4.1.15.Final.jar:4.1.15.Final]
	at io.netty.channel.MultithreadEventLoopGroup.<init>(MultithreadEventLoopGroup.java:52) ~[netty-all-4.1.15.Final.jar:4.1.15.Final]
	at io.netty.channel.nio.NioEventLoopGroup.<init>(NioEventLoopGroup.java:87) ~[netty-all-4.1.15.Final.jar:4.1.15.Final]
	at io.netty.channel.nio.NioEventLoopGroup.<init>(NioEventLoopGroup.java:82) ~[netty-all-4.1.15.Final.jar:4.1.15.Final]
	at io.netty.channel.nio.NioEventLoopGroup.<init>(NioEventLoopGroup.java:63) ~[netty-all-4.1.15.Final.jar:4.1.15.Final]
	at io.netty.channel.nio.NioEventLoopGroup.<init>(NioEventLoopGroup.java:51) ~[netty-all-4.1.15.Final.jar:4.1.15.Final]
	at io.netty.channel.nio.NioEventLoopGroup.<init>(NioEventLoopGroup.java:43) ~[netty-all-4.1.15.Final.jar:4.1.15.Final]
	at org.fisco.bcos.channel.handler.ChannelConnections.startConnect(ChannelConnections.java:330) ~[web3sdk-2.0.4.jar:?]
	at org.fisco.bcos.channel.client.Service.run(Service.java:204) [web3sdk-2.0.4.jar:?]
	at org.bithacks.defidefender.service.impl.CommonServiceImpl.initializeNetwork(CommonServiceImpl.java:142) [classes/:?]
	at org.bithacks.defidefender.service.impl.CommonServiceImpl.getCertification(CommonServiceImpl.java:179) [classes/:?]
	at org.bithacks.defidefender.service.impl.CompanyServiceImpl.listBlacklistByWeid(CompanyServiceImpl.java:125) [classes/:?]
	at org.bithacks.defidefender.controller.CompanyController.listBlacklistByWeid(CompanyController.java:47) [classes/:?]
	at sun.reflect.NativeMethodAccessorImpl.invoke0(Native Method) ~[?:1.8.0_151]
	at sun.reflect.NativeMethodAccessorImpl.invoke(NativeMethodAccessorImpl.java:62) ~[?:1.8.0_151]
	at sun.reflect.DelegatingMethodAccessorImpl.invoke(DelegatingMethodAccessorImpl.java:43) ~[?:1.8.0_151]
	at java.lang.reflect.Method.invoke(Method.java:498) ~[?:1.8.0_151]
	at org.springframework.web.method.support.InvocableHandlerMethod.doInvoke(InvocableHandlerMethod.java:205) [spring-web-4.3.24.RELEASE.jar:4.3.24.RELEASE]
	at org.springframework.web.method.support.InvocableHandlerMethod.invokeForRequest(InvocableHandlerMethod.java:133) [spring-web-4.3.24.RELEASE.jar:4.3.24.RELEASE]
	at org.springframework.web.servlet.mvc.method.annotation.ServletInvocableHandlerMethod.invokeAndHandle(ServletInvocableHandlerMethod.java:97) [spring-webmvc-4.3.24.RELEASE.jar:4.3.24.RELEASE]
	at org.springframework.web.servlet.mvc.method.annotation.RequestMappingHandlerAdapter.invokeHandlerMethod(RequestMappingHandlerAdapter.java:854) [spring-webmvc-4.3.24.RELEASE.jar:4.3.24.RELEASE]
	at org.springframework.web.servlet.mvc.method.annotation.RequestMappingHandlerAdapter.handleInternal(RequestMappingHandlerAdapter.java:765) [spring-webmvc-4.3.24.RELEASE.jar:4.3.24.RELEASE]
	at org.springframework.web.servlet.mvc.method.AbstractHandlerMethodAdapter.handle(AbstractHandlerMethodAdapter.java:85) [spring-webmvc-4.3.24.RELEASE.jar:4.3.24.RELEASE]
	at org.springframework.web.servlet.DispatcherServlet.doDispatch(DispatcherServlet.java:967) [spring-webmvc-4.3.24.RELEASE.jar:4.3.24.RELEASE]
	at org.springframework.web.servlet.DispatcherServlet.doService(DispatcherServlet.java:901) [spring-webmvc-4.3.24.RELEASE.jar:4.3.24.RELEASE]
	at org.springframework.web.servlet.FrameworkServlet.processRequest(FrameworkServlet.java:970) [spring-webmvc-4.3.24.RELEASE.jar:4.3.24.RELEASE]
	at org.springframework.web.servlet.FrameworkServlet.doPost(FrameworkServlet.java:872) [spring-webmvc-4.3.24.RELEASE.jar:4.3.24.RELEASE]
	at javax.servlet.http.HttpServlet.service(HttpServlet.java:661) [tomcat-embed-core-8.5.40.jar:8.5.40]
	at org.springframework.web.servlet.FrameworkServlet.service(FrameworkServlet.java:846) [spring-webmvc-4.3.24.RELEASE.jar:4.3.24.RELEASE]
	at javax.servlet.http.HttpServlet.service(HttpServlet.java:742) [tomcat-embed-core-8.5.40.jar:8.5.40]
	at org.apache.catalina.core.ApplicationFilterChain.internalDoFilter(ApplicationFilterChain.java:231) [tomcat-embed-core-8.5.40.jar:8.5.40]
	at org.apache.catalina.core.ApplicationFilterChain.doFilter(ApplicationFilterChain.java:166) [tomcat-embed-core-8.5.40.jar:8.5.40]
	at org.apache.tomcat.websocket.server.WsFilter.doFilter(WsFilter.java:52) [tomcat-embed-websocket-8.5.40.jar:8.5.40]
	at org.apache.catalina.core.ApplicationFilterChain.internalDoFilter(ApplicationFilterChain.java:193) [tomcat-embed-core-8.5.40.jar:8.5.40]
	at org.apache.catalina.core.ApplicationFilterChain.doFilter(ApplicationFilterChain.java:166) [tomcat-embed-core-8.5.40.jar:8.5.40]
	at org.springframework.web.filter.RequestContextFilter.doFilterInternal(RequestContextFilter.java:99) [spring-web-4.3.24.RELEASE.jar:4.3.24.RELEASE]
	at org.springframework.web.filter.OncePerRequestFilter.doFilter(OncePerRequestFilter.java:107) [spring-web-4.3.24.RELEASE.jar:4.3.24.RELEASE]
	at org.apache.catalina.core.ApplicationFilterChain.internalDoFilter(ApplicationFilterChain.java:193) [tomcat-embed-core-8.5.40.jar:8.5.40]
	at org.apache.catalina.core.ApplicationFilterChain.doFilter(ApplicationFilterChain.java:166) [tomcat-embed-core-8.5.40.jar:8.5.40]
	at org.springframework.web.filter.HttpPutFormContentFilter.doFilterInternal(HttpPutFormContentFilter.java:109) [spring-web-4.3.24.RELEASE.jar:4.3.24.RELEASE]
	at org.springframework.web.filter.OncePerRequestFilter.doFilter(OncePerRequestFilter.java:107) [spring-web-4.3.24.RELEASE.jar:4.3.24.RELEASE]
	at org.apache.catalina.core.ApplicationFilterChain.internalDoFilter(ApplicationFilterChain.java:193) [tomcat-embed-core-8.5.40.jar:8.5.40]
	at org.apache.catalina.core.ApplicationFilterChain.doFilter(ApplicationFilterChain.java:166) [tomcat-embed-core-8.5.40.jar:8.5.40]
	at org.springframework.web.filter.HiddenHttpMethodFilter.doFilterInternal(HiddenHttpMethodFilter.java:93) [spring-web-4.3.24.RELEASE.jar:4.3.24.RELEASE]
	at org.springframework.web.filter.OncePerRequestFilter.doFilter(OncePerRequestFilter.java:107) [spring-web-4.3.24.RELEASE.jar:4.3.24.RELEASE]
	at org.apache.catalina.core.ApplicationFilterChain.internalDoFilter(ApplicationFilterChain.java:193) [tomcat-embed-core-8.5.40.jar:8.5.40]
	at org.apache.catalina.core.ApplicationFilterChain.doFilter(ApplicationFilterChain.java:166) [tomcat-embed-core-8.5.40.jar:8.5.40]
	at org.springframework.web.filter.CharacterEncodingFilter.doFilterInternal(CharacterEncodingFilter.java:197) [spring-web-4.3.24.RELEASE.jar:4.3.24.RELEASE]
	at org.springframework.web.filter.OncePerRequestFilter.doFilter(OncePerRequestFilter.java:107) [spring-web-4.3.24.RELEASE.jar:4.3.24.RELEASE]
	at org.apache.catalina.core.ApplicationFilterChain.internalDoFilter(ApplicationFilterChain.java:193) [tomcat-embed-core-8.5.40.jar:8.5.40]
	at org.apache.catalina.core.ApplicationFilterChain.doFilter(ApplicationFilterChain.java:166) [tomcat-embed-core-8.5.40.jar:8.5.40]
	at org.apache.catalina.core.StandardWrapperValve.invoke(StandardWrapperValve.java:199) [tomcat-embed-core-8.5.40.jar:8.5.40]
	at org.apache.catalina.core.StandardContextValve.invoke(StandardContextValve.java:96) [tomcat-embed-core-8.5.40.jar:8.5.40]
	at org.apache.catalina.authenticator.AuthenticatorBase.invoke(AuthenticatorBase.java:493) [tomcat-embed-core-8.5.40.jar:8.5.40]
	at org.apache.catalina.core.StandardHostValve.invoke(StandardHostValve.java:137) [tomcat-embed-core-8.5.40.jar:8.5.40]
	at org.apache.catalina.valves.ErrorReportValve.invoke(ErrorReportValve.java:81) [tomcat-embed-core-8.5.40.jar:8.5.40]
	at org.apache.catalina.core.StandardEngineValve.invoke(StandardEngineValve.java:87) [tomcat-embed-core-8.5.40.jar:8.5.40]
	at org.apache.catalina.connector.CoyoteAdapter.service(CoyoteAdapter.java:343) [tomcat-embed-core-8.5.40.jar:8.5.40]
	at org.apache.coyote.http11.Http11Processor.service(Http11Processor.java:798) [tomcat-embed-core-8.5.40.jar:8.5.40]
	at org.apache.coyote.AbstractProcessorLight.process(AbstractProcessorLight.java:66) [tomcat-embed-core-8.5.40.jar:8.5.40]
	at org.apache.coyote.AbstractProtocol$ConnectionHandler.process(AbstractProtocol.java:808) [tomcat-embed-core-8.5.40.jar:8.5.40]
	at org.apache.tomcat.util.net.NioEndpoint$SocketProcessor.doRun(NioEndpoint.java:1498) [tomcat-embed-core-8.5.40.jar:8.5.40]
	at org.apache.tomcat.util.net.SocketProcessorBase.run(SocketProcessorBase.java:49) [tomcat-embed-core-8.5.40.jar:8.5.40]
	at java.util.concurrent.ThreadPoolExecutor.runWorker(ThreadPoolExecutor.java:1149) [?:1.8.0_151]
	at java.util.concurrent.ThreadPoolExecutor$Worker.run(ThreadPoolExecutor.java:624) [?:1.8.0_151]
	at org.apache.tomcat.util.threads.TaskThread$WrappingRunnable.run(TaskThread.java:61) [tomcat-embed-core-8.5.40.jar:8.5.40]
	at java.lang.Thread.run(Thread.java:748) [?:1.8.0_151]
Caused by: io.netty.channel.ChannelException: failed to open a new selector
	at io.netty.channel.nio.NioEventLoop.openSelector(NioEventLoop.java:175) ~[netty-all-4.1.15.Final.jar:4.1.15.Final]
	at io.netty.channel.nio.NioEventLoop.<init>(NioEventLoop.java:149) ~[netty-all-4.1.15.Final.jar:4.1.15.Final]
	at io.netty.channel.nio.NioEventLoopGroup.newChild(NioEventLoopGroup.java:127) ~[netty-all-4.1.15.Final.jar:4.1.15.Final]
	at io.netty.channel.nio.NioEventLoopGroup.newChild(NioEventLoopGroup.java:36) ~[netty-all-4.1.15.Final.jar:4.1.15.Final]
	at io.netty.util.concurrent.MultithreadEventExecutorGroup.<init>(MultithreadEventExecutorGroup.java:84) ~[netty-all-4.1.15.Final.jar:4.1.15.Final]
	... 67 more
Caused by: java.io.IOException: Unable to establish loopback connection
	at sun.nio.ch.PipeImpl$Initializer.run(PipeImpl.java:94) ~[?:1.8.0_151]
	at sun.nio.ch.PipeImpl$Initializer.run(PipeImpl.java:61) ~[?:1.8.0_151]
	at java.security.AccessController.doPrivileged(Native Method) ~[?:1.8.0_151]
	at sun.nio.ch.PipeImpl.<init>(PipeImpl.java:171) ~[?:1.8.0_151]
	at sun.nio.ch.SelectorProviderImpl.openPipe(SelectorProviderImpl.java:50) ~[?:1.8.0_151]
	at java.nio.channels.Pipe.open(Pipe.java:155) ~[?:1.8.0_151]
	at sun.nio.ch.WindowsSelectorImpl.<init>(WindowsSelectorImpl.java:127) ~[?:1.8.0_151]
	at sun.nio.ch.WindowsSelectorProvider.openSelector(WindowsSelectorProvider.java:44) ~[?:1.8.0_151]
	at io.netty.channel.nio.NioEventLoop.openSelector(NioEventLoop.java:173) ~[netty-all-4.1.15.Final.jar:4.1.15.Final]
	at io.netty.channel.nio.NioEventLoop.<init>(NioEventLoop.java:149) ~[netty-all-4.1.15.Final.jar:4.1.15.Final]
	at io.netty.channel.nio.NioEventLoopGroup.newChild(NioEventLoopGroup.java:127) ~[netty-all-4.1.15.Final.jar:4.1.15.Final]
	at io.netty.channel.nio.NioEventLoopGroup.newChild(NioEventLoopGroup.java:36) ~[netty-all-4.1.15.Final.jar:4.1.15.Final]
	at io.netty.util.concurrent.MultithreadEventExecutorGroup.<init>(MultithreadEventExecutorGroup.java:84) ~[netty-all-4.1.15.Final.jar:4.1.15.Final]
	... 67 more
Caused by: java.net.SocketException: No buffer space available (maximum connections reached?): connect
	at sun.nio.ch.Net.connect0(Native Method) ~[?:1.8.0_151]
	at sun.nio.ch.Net.connect(Net.java:454) ~[?:1.8.0_151]
	at sun.nio.ch.Net.connect(Net.java:446) ~[?:1.8.0_151]
	at sun.nio.ch.SocketChannelImpl.connect(SocketChannelImpl.java:648) ~[?:1.8.0_151]
	at java.nio.channels.SocketChannel.open(SocketChannel.java:189) ~[?:1.8.0_151]
	at sun.nio.ch.PipeImpl$Initializer$LoopbackConnector.run(PipeImpl.java:127) ~[?:1.8.0_151]
	at sun.nio.ch.PipeImpl$Initializer.run(PipeImpl.java:76) ~[?:1.8.0_151]
	at sun.nio.ch.PipeImpl$Initializer.run(PipeImpl.java:61) ~[?:1.8.0_151]
	at java.security.AccessController.doPrivileged(Native Method) ~[?:1.8.0_151]
	at sun.nio.ch.PipeImpl.<init>(PipeImpl.java:171) ~[?:1.8.0_151]
	at sun.nio.ch.SelectorProviderImpl.openPipe(SelectorProviderImpl.java:50) ~[?:1.8.0_151]
	at java.nio.channels.Pipe.open(Pipe.java:155) ~[?:1.8.0_151]
	at sun.nio.ch.WindowsSelectorImpl.<init>(WindowsSelectorImpl.java:127) ~[?:1.8.0_151]
	at sun.nio.ch.WindowsSelectorProvider.openSelector(WindowsSelectorProvider.java:44) ~[?:1.8.0_151]
	at io.netty.channel.nio.NioEventLoop.openSelector(NioEventLoop.java:173) ~[netty-all-4.1.15.Final.jar:4.1.15.Final]
	at io.netty.channel.nio.NioEventLoop.<init>(NioEventLoop.java:149) ~[netty-all-4.1.15.Final.jar:4.1.15.Final]
	at io.netty.channel.nio.NioEventLoopGroup.newChild(NioEventLoopGroup.java:127) ~[netty-all-4.1.15.Final.jar:4.1.15.Final]
	at io.netty.channel.nio.NioEventLoopGroup.newChild(NioEventLoopGroup.java:36) ~[netty-all-4.1.15.Final.jar:4.1.15.Final]
	at io.netty.util.concurrent.MultithreadEventExecutorGroup.<init>(MultithreadEventExecutorGroup.java:84) ~[netty-all-4.1.15.Final.jar:4.1.15.Final]
	... 67 more
2019-08-24 00:48:36.644 [http-nio-8080-exec-2] ERROR Service() - system error 
java.lang.IllegalStateException: failed to create a child event loop
	at io.netty.util.concurrent.MultithreadEventExecutorGroup.<init>(MultithreadEventExecutorGroup.java:88) ~[netty-all-4.1.15.Final.jar:4.1.15.Final]
	at io.netty.util.concurrent.MultithreadEventExecutorGroup.<init>(MultithreadEventExecutorGroup.java:58) ~[netty-all-4.1.15.Final.jar:4.1.15.Final]
	at io.netty.channel.MultithreadEventLoopGroup.<init>(MultithreadEventLoopGroup.java:52) ~[netty-all-4.1.15.Final.jar:4.1.15.Final]
	at io.netty.channel.nio.NioEventLoopGroup.<init>(NioEventLoopGroup.java:87) ~[netty-all-4.1.15.Final.jar:4.1.15.Final]
	at io.netty.channel.nio.NioEventLoopGroup.<init>(NioEventLoopGroup.java:82) ~[netty-all-4.1.15.Final.jar:4.1.15.Final]
	at io.netty.channel.nio.NioEventLoopGroup.<init>(NioEventLoopGroup.java:63) ~[netty-all-4.1.15.Final.jar:4.1.15.Final]
	at io.netty.channel.nio.NioEventLoopGroup.<init>(NioEventLoopGroup.java:51) ~[netty-all-4.1.15.Final.jar:4.1.15.Final]
	at io.netty.channel.nio.NioEventLoopGroup.<init>(NioEventLoopGroup.java:43) ~[netty-all-4.1.15.Final.jar:4.1.15.Final]
	at org.fisco.bcos.channel.handler.ChannelConnections.startConnect(ChannelConnections.java:330) ~[web3sdk-2.0.4.jar:?]
	at org.fisco.bcos.channel.client.Service.run(Service.java:204) [web3sdk-2.0.4.jar:?]
	at org.bithacks.defidefender.service.impl.CommonServiceImpl.initializeNetwork(CommonServiceImpl.java:142) [classes/:?]
	at org.bithacks.defidefender.service.impl.CommonServiceImpl.getCertification(CommonServiceImpl.java:179) [classes/:?]
	at org.bithacks.defidefender.service.impl.CompanyServiceImpl.listBlacklistByWeid(CompanyServiceImpl.java:125) [classes/:?]
	at org.bithacks.defidefender.controller.CompanyController.listBlacklistByWeid(CompanyController.java:47) [classes/:?]
	at sun.reflect.NativeMethodAccessorImpl.invoke0(Native Method) ~[?:1.8.0_151]
	at sun.reflect.NativeMethodAccessorImpl.invoke(NativeMethodAccessorImpl.java:62) ~[?:1.8.0_151]
	at sun.reflect.DelegatingMethodAccessorImpl.invoke(DelegatingMethodAccessorImpl.java:43) ~[?:1.8.0_151]
	at java.lang.reflect.Method.invoke(Method.java:498) ~[?:1.8.0_151]
	at org.springframework.web.method.support.InvocableHandlerMethod.doInvoke(InvocableHandlerMethod.java:205) [spring-web-4.3.24.RELEASE.jar:4.3.24.RELEASE]
	at org.springframework.web.method.support.InvocableHandlerMethod.invokeForRequest(InvocableHandlerMethod.java:133) [spring-web-4.3.24.RELEASE.jar:4.3.24.RELEASE]
	at org.springframework.web.servlet.mvc.method.annotation.ServletInvocableHandlerMethod.invokeAndHandle(ServletInvocableHandlerMethod.java:97) [spring-webmvc-4.3.24.RELEASE.jar:4.3.24.RELEASE]
	at org.springframework.web.servlet.mvc.method.annotation.RequestMappingHandlerAdapter.invokeHandlerMethod(RequestMappingHandlerAdapter.java:854) [spring-webmvc-4.3.24.RELEASE.jar:4.3.24.RELEASE]
	at org.springframework.web.servlet.mvc.method.annotation.RequestMappingHandlerAdapter.handleInternal(RequestMappingHandlerAdapter.java:765) [spring-webmvc-4.3.24.RELEASE.jar:4.3.24.RELEASE]
	at org.springframework.web.servlet.mvc.method.AbstractHandlerMethodAdapter.handle(AbstractHandlerMethodAdapter.java:85) [spring-webmvc-4.3.24.RELEASE.jar:4.3.24.RELEASE]
	at org.springframework.web.servlet.DispatcherServlet.doDispatch(DispatcherServlet.java:967) [spring-webmvc-4.3.24.RELEASE.jar:4.3.24.RELEASE]
	at org.springframework.web.servlet.DispatcherServlet.doService(DispatcherServlet.java:901) [spring-webmvc-4.3.24.RELEASE.jar:4.3.24.RELEASE]
	at org.springframework.web.servlet.FrameworkServlet.processRequest(FrameworkServlet.java:970) [spring-webmvc-4.3.24.RELEASE.jar:4.3.24.RELEASE]
	at org.springframework.web.servlet.FrameworkServlet.doPost(FrameworkServlet.java:872) [spring-webmvc-4.3.24.RELEASE.jar:4.3.24.RELEASE]
	at javax.servlet.http.HttpServlet.service(HttpServlet.java:661) [tomcat-embed-core-8.5.40.jar:8.5.40]
	at org.springframework.web.servlet.FrameworkServlet.service(FrameworkServlet.java:846) [spring-webmvc-4.3.24.RELEASE.jar:4.3.24.RELEASE]
	at javax.servlet.http.HttpServlet.service(HttpServlet.java:742) [tomcat-embed-core-8.5.40.jar:8.5.40]
	at org.apache.catalina.core.ApplicationFilterChain.internalDoFilter(ApplicationFilterChain.java:231) [tomcat-embed-core-8.5.40.jar:8.5.40]
	at org.apache.catalina.core.ApplicationFilterChain.doFilter(ApplicationFilterChain.java:166) [tomcat-embed-core-8.5.40.jar:8.5.40]
	at org.apache.tomcat.websocket.server.WsFilter.doFilter(WsFilter.java:52) [tomcat-embed-websocket-8.5.40.jar:8.5.40]
	at org.apache.catalina.core.ApplicationFilterChain.internalDoFilter(ApplicationFilterChain.java:193) [tomcat-embed-core-8.5.40.jar:8.5.40]
	at org.apache.catalina.core.ApplicationFilterChain.doFilter(ApplicationFilterChain.java:166) [tomcat-embed-core-8.5.40.jar:8.5.40]
	at org.springframework.web.filter.RequestContextFilter.doFilterInternal(RequestContextFilter.java:99) [spring-web-4.3.24.RELEASE.jar:4.3.24.RELEASE]
	at org.springframework.web.filter.OncePerRequestFilter.doFilter(OncePerRequestFilter.java:107) [spring-web-4.3.24.RELEASE.jar:4.3.24.RELEASE]
	at org.apache.catalina.core.ApplicationFilterChain.internalDoFilter(ApplicationFilterChain.java:193) [tomcat-embed-core-8.5.40.jar:8.5.40]
	at org.apache.catalina.core.ApplicationFilterChain.doFilter(ApplicationFilterChain.java:166) [tomcat-embed-core-8.5.40.jar:8.5.40]
	at org.springframework.web.filter.HttpPutFormContentFilter.doFilterInternal(HttpPutFormContentFilter.java:109) [spring-web-4.3.24.RELEASE.jar:4.3.24.RELEASE]
	at org.springframework.web.filter.OncePerRequestFilter.doFilter(OncePerRequestFilter.java:107) [spring-web-4.3.24.RELEASE.jar:4.3.24.RELEASE]
	at org.apache.catalina.core.ApplicationFilterChain.internalDoFilter(ApplicationFilterChain.java:193) [tomcat-embed-core-8.5.40.jar:8.5.40]
	at org.apache.catalina.core.ApplicationFilterChain.doFilter(ApplicationFilterChain.java:166) [tomcat-embed-core-8.5.40.jar:8.5.40]
	at org.springframework.web.filter.HiddenHttpMethodFilter.doFilterInternal(HiddenHttpMethodFilter.java:93) [spring-web-4.3.24.RELEASE.jar:4.3.24.RELEASE]
	at org.springframework.web.filter.OncePerRequestFilter.doFilter(OncePerRequestFilter.java:107) [spring-web-4.3.24.RELEASE.jar:4.3.24.RELEASE]
	at org.apache.catalina.core.ApplicationFilterChain.internalDoFilter(ApplicationFilterChain.java:193) [tomcat-embed-core-8.5.40.jar:8.5.40]
	at org.apache.catalina.core.ApplicationFilterChain.doFilter(ApplicationFilterChain.java:166) [tomcat-embed-core-8.5.40.jar:8.5.40]
	at org.springframework.web.filter.CharacterEncodingFilter.doFilterInternal(CharacterEncodingFilter.java:197) [spring-web-4.3.24.RELEASE.jar:4.3.24.RELEASE]
	at org.springframework.web.filter.OncePerRequestFilter.doFilter(OncePerRequestFilter.java:107) [spring-web-4.3.24.RELEASE.jar:4.3.24.RELEASE]
	at org.apache.catalina.core.ApplicationFilterChain.internalDoFilter(ApplicationFilterChain.java:193) [tomcat-embed-core-8.5.40.jar:8.5.40]
	at org.apache.catalina.core.ApplicationFilterChain.doFilter(ApplicationFilterChain.java:166) [tomcat-embed-core-8.5.40.jar:8.5.40]
	at org.apache.catalina.core.StandardWrapperValve.invoke(StandardWrapperValve.java:199) [tomcat-embed-core-8.5.40.jar:8.5.40]
	at org.apache.catalina.core.StandardContextValve.invoke(StandardContextValve.java:96) [tomcat-embed-core-8.5.40.jar:8.5.40]
	at org.apache.catalina.authenticator.AuthenticatorBase.invoke(AuthenticatorBase.java:493) [tomcat-embed-core-8.5.40.jar:8.5.40]
	at org.apache.catalina.core.StandardHostValve.invoke(StandardHostValve.java:137) [tomcat-embed-core-8.5.40.jar:8.5.40]
	at org.apache.catalina.valves.ErrorReportValve.invoke(ErrorReportValve.java:81) [tomcat-embed-core-8.5.40.jar:8.5.40]
	at org.apache.catalina.core.StandardEngineValve.invoke(StandardEngineValve.java:87) [tomcat-embed-core-8.5.40.jar:8.5.40]
	at org.apache.catalina.connector.CoyoteAdapter.service(CoyoteAdapter.java:343) [tomcat-embed-core-8.5.40.jar:8.5.40]
	at org.apache.coyote.http11.Http11Processor.service(Http11Processor.java:798) [tomcat-embed-core-8.5.40.jar:8.5.40]
	at org.apache.coyote.AbstractProcessorLight.process(AbstractProcessorLight.java:66) [tomcat-embed-core-8.5.40.jar:8.5.40]
	at org.apache.coyote.AbstractProtocol$ConnectionHandler.process(AbstractProtocol.java:808) [tomcat-embed-core-8.5.40.jar:8.5.40]
	at org.apache.tomcat.util.net.NioEndpoint$SocketProcessor.doRun(NioEndpoint.java:1498) [tomcat-embed-core-8.5.40.jar:8.5.40]
	at org.apache.tomcat.util.net.SocketProcessorBase.run(SocketProcessorBase.java:49) [tomcat-embed-core-8.5.40.jar:8.5.40]
	at java.util.concurrent.ThreadPoolExecutor.runWorker(ThreadPoolExecutor.java:1149) [?:1.8.0_151]
	at java.util.concurrent.ThreadPoolExecutor$Worker.run(ThreadPoolExecutor.java:624) [?:1.8.0_151]
	at org.apache.tomcat.util.threads.TaskThread$WrappingRunnable.run(TaskThread.java:61) [tomcat-embed-core-8.5.40.jar:8.5.40]
	at java.lang.Thread.run(Thread.java:748) [?:1.8.0_151]
Caused by: io.netty.channel.ChannelException: failed to open a new selector
	at io.netty.channel.nio.NioEventLoop.openSelector(NioEventLoop.java:175) ~[netty-all-4.1.15.Final.jar:4.1.15.Final]
	at io.netty.channel.nio.NioEventLoop.<init>(NioEventLoop.java:149) ~[netty-all-4.1.15.Final.jar:4.1.15.Final]
	at io.netty.channel.nio.NioEventLoopGroup.newChild(NioEventLoopGroup.java:127) ~[netty-all-4.1.15.Final.jar:4.1.15.Final]
	at io.netty.channel.nio.NioEventLoopGroup.newChild(NioEventLoopGroup.java:36) ~[netty-all-4.1.15.Final.jar:4.1.15.Final]
	at io.netty.util.concurrent.MultithreadEventExecutorGroup.<init>(MultithreadEventExecutorGroup.java:84) ~[netty-all-4.1.15.Final.jar:4.1.15.Final]
	... 67 more
Caused by: java.io.IOException: Unable to establish loopback connection
	at sun.nio.ch.PipeImpl$Initializer.run(PipeImpl.java:94) ~[?:1.8.0_151]
	at sun.nio.ch.PipeImpl$Initializer.run(PipeImpl.java:61) ~[?:1.8.0_151]
	at java.security.AccessController.doPrivileged(Native Method) ~[?:1.8.0_151]
	at sun.nio.ch.PipeImpl.<init>(PipeImpl.java:171) ~[?:1.8.0_151]
	at sun.nio.ch.SelectorProviderImpl.openPipe(SelectorProviderImpl.java:50) ~[?:1.8.0_151]
	at java.nio.channels.Pipe.open(Pipe.java:155) ~[?:1.8.0_151]
	at sun.nio.ch.WindowsSelectorImpl.<init>(WindowsSelectorImpl.java:127) ~[?:1.8.0_151]
	at sun.nio.ch.WindowsSelectorProvider.openSelector(WindowsSelectorProvider.java:44) ~[?:1.8.0_151]
	at io.netty.channel.nio.NioEventLoop.openSelector(NioEventLoop.java:173) ~[netty-all-4.1.15.Final.jar:4.1.15.Final]
	at io.netty.channel.nio.NioEventLoop.<init>(NioEventLoop.java:149) ~[netty-all-4.1.15.Final.jar:4.1.15.Final]
	at io.netty.channel.nio.NioEventLoopGroup.newChild(NioEventLoopGroup.java:127) ~[netty-all-4.1.15.Final.jar:4.1.15.Final]
	at io.netty.channel.nio.NioEventLoopGroup.newChild(NioEventLoopGroup.java:36) ~[netty-all-4.1.15.Final.jar:4.1.15.Final]
	at io.netty.util.concurrent.MultithreadEventExecutorGroup.<init>(MultithreadEventExecutorGroup.java:84) ~[netty-all-4.1.15.Final.jar:4.1.15.Final]
	... 67 more
Caused by: java.net.SocketException: No buffer space available (maximum connections reached?): connect
	at sun.nio.ch.Net.connect0(Native Method) ~[?:1.8.0_151]
	at sun.nio.ch.Net.connect(Net.java:454) ~[?:1.8.0_151]
	at sun.nio.ch.Net.connect(Net.java:446) ~[?:1.8.0_151]
	at sun.nio.ch.SocketChannelImpl.connect(SocketChannelImpl.java:648) ~[?:1.8.0_151]
	at java.nio.channels.SocketChannel.open(SocketChannel.java:189) ~[?:1.8.0_151]
	at sun.nio.ch.PipeImpl$Initializer$LoopbackConnector.run(PipeImpl.java:127) ~[?:1.8.0_151]
	at sun.nio.ch.PipeImpl$Initializer.run(PipeImpl.java:76) ~[?:1.8.0_151]
	at sun.nio.ch.PipeImpl$Initializer.run(PipeImpl.java:61) ~[?:1.8.0_151]
	at java.security.AccessController.doPrivileged(Native Method) ~[?:1.8.0_151]
	at sun.nio.ch.PipeImpl.<init>(PipeImpl.java:171) ~[?:1.8.0_151]
	at sun.nio.ch.SelectorProviderImpl.openPipe(SelectorProviderImpl.java:50) ~[?:1.8.0_151]
	at java.nio.channels.Pipe.open(Pipe.java:155) ~[?:1.8.0_151]
	at sun.nio.ch.WindowsSelectorImpl.<init>(WindowsSelectorImpl.java:127) ~[?:1.8.0_151]
	at sun.nio.ch.WindowsSelectorProvider.openSelector(WindowsSelectorProvider.java:44) ~[?:1.8.0_151]
	at io.netty.channel.nio.NioEventLoop.openSelector(NioEventLoop.java:173) ~[netty-all-4.1.15.Final.jar:4.1.15.Final]
	at io.netty.channel.nio.NioEventLoop.<init>(NioEventLoop.java:149) ~[netty-all-4.1.15.Final.jar:4.1.15.Final]
	at io.netty.channel.nio.NioEventLoopGroup.newChild(NioEventLoopGroup.java:127) ~[netty-all-4.1.15.Final.jar:4.1.15.Final]
	at io.netty.channel.nio.NioEventLoopGroup.newChild(NioEventLoopGroup.java:36) ~[netty-all-4.1.15.Final.jar:4.1.15.Final]
	at io.netty.util.concurrent.MultithreadEventExecutorGroup.<init>(MultithreadEventExecutorGroup.java:84) ~[netty-all-4.1.15.Final.jar:4.1.15.Final]
	... 67 more
2019-08-24 08:59:12.100 [http-nio-8080-exec-3] ERROR CredentialPojoServiceImpl() - [verify] The input issuer weid is not match the credential's.
2019-08-24 08:59:15.857 [http-nio-8080-exec-10] ERROR HashedWheelTimer() - You are creating too many HashedWheelTimer instances. HashedWheelTimer is a shared resource that must be reused across the JVM,so that only a few instances are created.
2019-08-24 10:09:30.719 [http-nio-8080-exec-3] ERROR SqlExceptionHelper() - Data truncation: Data too long for column 'ciphere_text' at row 1
2019-08-24 10:10:36.104 [http-nio-8080-exec-2] ERROR SqlExceptionHelper() - Data truncation: Data too long for column 'ciphere_text' at row 1
2019-08-24 10:11:37.669 [http-nio-8080-exec-3] ERROR SqlExceptionHelper() - Data truncation: Data too long for column 'ciphere_text' at row 1
2019-08-24 10:12:18.082 [http-nio-8080-exec-4] ERROR SqlExceptionHelper() - Data truncation: Data too long for column 'ciphere_text' at row 1
2019-08-24 10:14:55.031 [http-nio-8080-exec-4] ERROR SqlExceptionHelper() - Data truncation: Data too long for column 'ciphere_text' at row 1
2019-08-24 10:15:20.595 [http-nio-8080-exec-1] ERROR SqlExceptionHelper() - Data truncation: Data too long for column 'ciphere_text' at row 1
